#
# There is insufficient memory for the Java Runtime Environment to continue.
# Native memory allocation (malloc) failed to allocate 159296 bytes for Chunk::new
# Possible reasons:
#   The system is out of physical RAM or swap space
#   The process is running with CompressedOops enabled, and the Java Heap may be blocking the growth of the native heap
# Possible solutions:
#   Reduce memory load on the system
#   Increase physical memory or swap space
#   Check if swap backing store is full
#   Decrease Java heap size (-Xmx/-Xms)
#   Decrease number of Java threads
#   Decrease Java thread stack sizes (-Xss)
#   Set larger code cache with -XX:ReservedCodeCacheSize=
#   JVM is running with Unscaled Compressed Oops mode in which the Java heap is
#     placed in the first 4GB address space. The Java Heap base address is the
#     maximum limit for the native heap growth. Please use -XX:HeapBaseMinAddress
#     to set the Java Heap base and to place the Java Heap above 4GB virtual address.
# This output file may be truncated or incomplete.
#
#  Out of Memory Error (arena.cpp:195), pid=4196, tid=3032
#
# JRE version: OpenJDK Runtime Environment Corretto-16.0.2.7.1 (16.0.2+7) (build 16.0.2+7)
# Java VM: OpenJDK 64-Bit Server VM Corretto-16.0.2.7.1 (16.0.2+7, mixed mode, sharing, tiered, compressed oops, compressed class ptrs, g1 gc, windows-amd64)
# No core dump will be written. Minidumps are not enabled by default on client versions of Windows
#

---------------  S U M M A R Y ------------

Command Line: -Dbrowser -Denv -Dorg.gradle.internal.worker.tmpdir=C:\Nisha\NishaGITHUB\nisha_java\QA-Automation-Framework\build\tmp\test\work -Dorg.gradle.native=false -Dsuite -Dwhere --add-opens=java.base/java.util=ALL-UNNAMED --add-opens=java.base/java.lang=ALL-UNNAMED -Xmx512m -Dfile.encoding=windows-1252 -Duser.country=US -Duser.language=en -Duser.variant -ea worker.org.gradle.process.internal.worker.GradleWorkerMain 'Gradle Test Executor 13'

Host: Intel(R) Core(TM) i7-6500U CPU @ 2.50GHz, 4 cores, 15G,  Windows 10 , 64 bit Build 19041 (10.0.19041.2251)
Time: Mon Dec  5 02:29:16 2022 Pacific Standard Time elapsed time: 10.585993 seconds (0d 0h 0m 10s)

---------------  T H R E A D  ---------------

Current thread (0x00000272e3d80260):  JavaThread "C2 CompilerThread0" daemon [_thread_in_native, id=3032, stack(0x0000007b51a00000,0x0000007b51b00000)]


Current CompileTask:
C2:  10586 2541       4       jdk.internal.reflect.ClassFileAssembler::emitConstantPoolUTF8 (50 bytes)

Stack: [0x0000007b51a00000,0x0000007b51b00000]
Native frames: (J=compiled Java code, j=interpreted, Vv=VM code, C=native code)
V  [jvm.dll+0x647e0a]
V  [jvm.dll+0x7f0549]
V  [jvm.dll+0x7f1cfe]
V  [jvm.dll+0x7f2343]
V  [jvm.dll+0x23dd88]
V  [jvm.dll+0xc879a]
V  [jvm.dll+0xc8d4c]
V  [jvm.dll+0x351627]
V  [jvm.dll+0x31b53f]
V  [jvm.dll+0x31a97a]
V  [jvm.dll+0x210990]
V  [jvm.dll+0x20ff17]
V  [jvm.dll+0x1a0d9b]
V  [jvm.dll+0x21f909]
V  [jvm.dll+0x21da9b]
V  [jvm.dll+0x7a8662]
V  [jvm.dll+0x7a223a]
V  [jvm.dll+0x646c46]
C  [ucrtbase.dll+0x21bb2]
C  [KERNEL32.DLL+0x174b4]
C  [ntdll.dll+0x526a1]


---------------  P R O C E S S  ---------------

Threads class SMR info:
_java_thread_list=0x00000272e670a0b0, length=28, elements={
0x00000272c6b1af40, 0x00000272e3d505b0, 0x00000272e3d51ce0, 0x00000272e3d669a0,
0x00000272e3d685b0, 0x00000272e3d6e850, 0x00000272e3d73af0, 0x00000272e3d80260,
0x00000272e3d85c80, 0x00000272e3d9bdd0, 0x00000272e3d715c0, 0x00000272e3d71070,
0x00000272e3d71b10, 0x00000272e3d735a0, 0x00000272e3d72060, 0x00000272e3d74040,
0x00000272e3d725b0, 0x00000272e3d70b20, 0x00000272e6330ae0, 0x00000272e632c080,
0x00000272e632e5b0, 0x00000272e632cb20, 0x00000272e6331580, 0x00000272e632eb00,
0x00000272e6331ad0, 0x00000272e6332020, 0x00000272e632b090, 0x00000272e632f5a0
}

Java Threads: ( => current thread )
  0x00000272c6b1af40 JavaThread "Forwarding findElement on session ef6bf9ee50ed9fa171d3d20092f828a4 to remote" [_thread_blocked, id=6368, stack(0x0000007b50d00000,0x0000007b50e00000)]
  0x00000272e3d505b0 JavaThread "Reference Handler" daemon [_thread_blocked, id=5836, stack(0x0000007b51400000,0x0000007b51500000)]
  0x00000272e3d51ce0 JavaThread "Finalizer" daemon [_thread_blocked, id=13020, stack(0x0000007b51500000,0x0000007b51600000)]
  0x00000272e3d669a0 JavaThread "Signal Dispatcher" daemon [_thread_blocked, id=5552, stack(0x0000007b51600000,0x0000007b51700000)]
  0x00000272e3d685b0 JavaThread "Attach Listener" daemon [_thread_blocked, id=552, stack(0x0000007b51700000,0x0000007b51800000)]
  0x00000272e3d6e850 JavaThread "Service Thread" daemon [_thread_blocked, id=21516, stack(0x0000007b51800000,0x0000007b51900000)]
  0x00000272e3d73af0 JavaThread "Monitor Deflation Thread" daemon [_thread_blocked, id=12376, stack(0x0000007b51900000,0x0000007b51a00000)]
=>0x00000272e3d80260 JavaThread "C2 CompilerThread0" daemon [_thread_in_native, id=3032, stack(0x0000007b51a00000,0x0000007b51b00000)]
  0x00000272e3d85c80 JavaThread "C1 CompilerThread0" daemon [_thread_blocked, id=22452, stack(0x0000007b51b00000,0x0000007b51c00000)]
  0x00000272e3d9bdd0 JavaThread "Sweeper thread" daemon [_thread_blocked, id=21544, stack(0x0000007b51c00000,0x0000007b51d00000)]
  0x00000272e3d715c0 JavaThread "Common-Cleaner" daemon [_thread_blocked, id=20424, stack(0x0000007b51d00000,0x0000007b51e00000)]
  0x00000272e3d71070 JavaThread "Notification Thread" daemon [_thread_blocked, id=12184, stack(0x0000007b51e00000,0x0000007b51f00000)]
  0x00000272e3d71b10 JavaThread "/127.0.0.1:50285 to /127.0.0.1:50284 workers" [_thread_blocked, id=16056, stack(0x0000007b52600000,0x0000007b52700000)]
  0x00000272e3d735a0 JavaThread "/127.0.0.1:50285 to /127.0.0.1:50284 workers Thread 2" [_thread_blocked, id=26800, stack(0x0000007b52700000,0x0000007b52800000)]
  0x00000272e3d72060 JavaThread "/127.0.0.1:50285 to /127.0.0.1:50284 workers Thread 3" [_thread_in_native, id=13944, stack(0x0000007b52800000,0x0000007b52900000)]
  0x00000272e3d74040 JavaThread "ForkJoinPool.commonPool-worker-3" daemon [_thread_blocked, id=21676, stack(0x0000007b52a00000,0x0000007b52b00000)]
  0x00000272e3d725b0 JavaThread "ForkJoinPool.commonPool-worker-5" daemon [_thread_blocked, id=1876, stack(0x0000007b52b00000,0x0000007b52c00000)]
  0x00000272e3d70b20 JavaThread "ForkJoinPool.commonPool-worker-7" daemon [_thread_blocked, id=20220, stack(0x0000007b52c00000,0x0000007b52d00000)]
  0x00000272e6330ae0 JavaThread "AsyncHttpClient-1-1" daemon [_thread_blocked, id=6952, stack(0x0000007b52d00000,0x0000007b52e00000)]
  0x00000272e632c080 JavaThread "Exec Default Executor" daemon [_thread_in_native, id=1036, stack(0x0000007b52e00000,0x0000007b52f00000)]
  0x00000272e632e5b0 JavaThread "Driver Service Executor" daemon [_thread_blocked, id=21900, stack(0x0000007b52f00000,0x0000007b53000000)]
  0x00000272e632cb20 JavaThread "Driver Service Executor" daemon [_thread_blocked, id=7256, stack(0x0000007b53000000,0x0000007b53100000)]
  0x00000272e6331580 JavaThread "UrlChecker-2" daemon [_thread_blocked, id=12988, stack(0x0000007b53100000,0x0000007b53200000)]
  0x00000272e632eb00 JavaThread "Exec Stream Pumper" daemon [_thread_in_native, id=22324, stack(0x0000007b53200000,0x0000007b53300000)]
  0x00000272e6331ad0 JavaThread "Exec Stream Pumper" daemon [_thread_in_native, id=25816, stack(0x0000007b53300000,0x0000007b53400000)]
  0x00000272e6332020 JavaThread "AsyncHttpClient-1-2" daemon [_thread_in_native, id=25840, stack(0x0000007b53400000,0x0000007b53500000)]
  0x00000272e632b090 JavaThread "AsyncHttpClient-1-3" daemon [_thread_in_native, id=10980, stack(0x0000007b53500000,0x0000007b53600000)]
  0x00000272e632f5a0 JavaThread "AsyncHttpClient-1-4" daemon [_thread_in_native, id=10784, stack(0x0000007b53600000,0x0000007b53700000)]

Other Threads:
  0x00000272e3d4c0f0 VMThread "VM Thread" [stack: 0x0000007b51300000,0x0000007b51400000] [id=27928]
  0x00000272e4934680 WatcherThread [stack: 0x0000007b51f00000,0x0000007b52000000] [id=17352]
  0x00000272c8c00090 GCTaskThread "GC Thread#0" [stack: 0x0000007b50e00000,0x0000007b50f00000] [id=10316]
  0x00000272e4f2cc10 GCTaskThread "GC Thread#1" [stack: 0x0000007b52100000,0x0000007b52200000] [id=19148]
  0x00000272e4f2cf20 GCTaskThread "GC Thread#2" [stack: 0x0000007b52200000,0x0000007b52300000] [id=17824]
  0x00000272e4f2d230 GCTaskThread "GC Thread#3" [stack: 0x0000007b52300000,0x0000007b52400000] [id=28248]
  0x00000272c8c051a0 ConcurrentGCThread "G1 Main Marker" [stack: 0x0000007b50f00000,0x0000007b51000000] [id=25976]
  0x00000272c8c07460 ConcurrentGCThread "G1 Conc#0" [stack: 0x0000007b51000000,0x0000007b51100000] [id=24948]
  0x00000272c8cabf10 ConcurrentGCThread "G1 Refine#0" [stack: 0x0000007b51100000,0x0000007b51200000] [id=24440]
  0x00000272e4f2d540 ConcurrentGCThread "G1 Refine#1" [stack: 0x0000007b52400000,0x0000007b52500000] [id=25764]
  0x00000272e4fa8b00 ConcurrentGCThread "G1 Refine#2" [stack: 0x0000007b52500000,0x0000007b52600000] [id=16480]
  0x00000272c8cac990 ConcurrentGCThread "G1 Service" [stack: 0x0000007b51200000,0x0000007b51300000] [id=7984]

Threads with active compile tasks:
C2 CompilerThread0    10647 2541       4       jdk.internal.reflect.ClassFileAssembler::emitConstantPoolUTF8 (50 bytes)

VM state: not at safepoint (normal execution)

VM Mutex/Monitor currently owned by a thread: None

Heap address: 0x00000000e0000000, size: 512 MB, Compressed Oops mode: 32-bit

CDS archive(s) mapped at: [0x0000000800000000-0x0000000800be0000-0x0000000800be0000), size 12451840, SharedBaseAddress: 0x0000000800000000, ArchiveRelocationMode: 0.
Compressed class space mapped at: 0x0000000800c00000-0x0000000840c00000, reserved size: 1073741824
Narrow klass base: 0x0000000800000000, Narrow klass shift: 3, Narrow klass range: 0x100000000

GC Precious Log:
 CPUs: 4 total, 4 available
 Memory: 16260M
 Large Page Support: Disabled
 NUMA Support: Disabled
 Compressed Oops: Enabled (32-bit)
 Heap Region Size: 1M
 Heap Min Capacity: 8M
 Heap Initial Capacity: 256M
 Heap Max Capacity: 512M
 Pre-touch: Disabled
 Parallel Workers: 4
 Concurrent Workers: 1
 Concurrent Refinement Workers: 4
 Periodic GC: Disabled

Heap:
 garbage-first heap   total 45056K, used 31266K [0x00000000e0000000, 0x0000000100000000)
  region size 1024K, 23 young (23552K), 6 survivors (6144K)
 Metaspace       used 24177K, committed 24512K, reserved 1073152K
  class space    used 3009K, committed 3200K, reserved 1048576K

Heap Regions: E=young(eden), S=young(survivor), O=old, HS=humongous(starts), HC=humongous(continues), CS=collection set, F=free, OA=open archive, CA=closed archive, TAMS=top-at-mark-start (previous, next)
|   0|0x00000000e0000000, 0x00000000e0100000, 0x00000000e0100000|100%| O|  |TAMS 0x00000000e0100000, 0x00000000e0000000| Untracked 
|   1|0x00000000e0100000, 0x00000000e0200000, 0x00000000e0200000|100%| O|  |TAMS 0x00000000e0200000, 0x00000000e0100000| Untracked 
|   2|0x00000000e0200000, 0x00000000e0300000, 0x00000000e0300000|100%| O|  |TAMS 0x00000000e0300000, 0x00000000e0200000| Untracked 
|   3|0x00000000e0300000, 0x00000000e0400000, 0x00000000e0400000|100%| O|  |TAMS 0x00000000e0400000, 0x00000000e0300000| Untracked 
|   4|0x00000000e0400000, 0x00000000e0500000, 0x00000000e0500000|100%| O|  |TAMS 0x00000000e0500000, 0x00000000e0400000| Untracked 
|   5|0x00000000e0500000, 0x00000000e0538c00, 0x00000000e0600000| 22%| O|  |TAMS 0x00000000e0538c00, 0x00000000e0500000| Untracked 
|   6|0x00000000e0600000, 0x00000000e0700000, 0x00000000e0700000|100%|HS|  |TAMS 0x00000000e0600000, 0x00000000e0600000| Complete 
|   7|0x00000000e0700000, 0x00000000e0800000, 0x00000000e0800000|100%|HC|  |TAMS 0x00000000e0700000, 0x00000000e0700000| Complete 
|   8|0x00000000e0800000, 0x00000000e0900000, 0x00000000e0900000|100%|HC|  |TAMS 0x00000000e0800000, 0x00000000e0800000| Complete 
|   9|0x00000000e0900000, 0x00000000e0a00000, 0x00000000e0a00000|100%|HC|  |TAMS 0x00000000e0900000, 0x00000000e0900000| Complete 
|  10|0x00000000e0a00000, 0x00000000e0b00000, 0x00000000e0b00000|100%|HC|  |TAMS 0x00000000e0a00000, 0x00000000e0a00000| Complete 
|  11|0x00000000e0b00000, 0x00000000e0b00000, 0x00000000e0c00000|  0%| F|  |TAMS 0x00000000e0b00000, 0x00000000e0b00000| Untracked 
|  12|0x00000000e0c00000, 0x00000000e0c00000, 0x00000000e0d00000|  0%| F|  |TAMS 0x00000000e0c00000, 0x00000000e0c00000| Untracked 
|  13|0x00000000e0d00000, 0x00000000e0d00000, 0x00000000e0e00000|  0%| F|  |TAMS 0x00000000e0d00000, 0x00000000e0d00000| Untracked 
|  14|0x00000000e0e00000, 0x00000000e0e00000, 0x00000000e0f00000|  0%| F|  |TAMS 0x00000000e0e00000, 0x00000000e0e00000| Untracked 
|  15|0x00000000e0f00000, 0x00000000e0f00000, 0x00000000e1000000|  0%| F|  |TAMS 0x00000000e0f00000, 0x00000000e0f00000| Untracked 
|  16|0x00000000e1000000, 0x00000000e1000000, 0x00000000e1100000|  0%| F|  |TAMS 0x00000000e1000000, 0x00000000e1000000| Untracked 
|  17|0x00000000e1100000, 0x00000000e1100000, 0x00000000e1200000|  0%| F|  |TAMS 0x00000000e1100000, 0x00000000e1100000| Untracked 
|  18|0x00000000e1200000, 0x00000000e1200000, 0x00000000e1300000|  0%| F|  |TAMS 0x00000000e1200000, 0x00000000e1200000| Untracked 
|  19|0x00000000e1300000, 0x00000000e1300000, 0x00000000e1400000|  0%| F|  |TAMS 0x00000000e1300000, 0x00000000e1300000| Untracked 
|  20|0x00000000e1400000, 0x00000000e1400000, 0x00000000e1500000|  0%| F|  |TAMS 0x00000000e1400000, 0x00000000e1400000| Untracked 
|  21|0x00000000e1500000, 0x00000000e1580800, 0x00000000e1600000| 50%| E|  |TAMS 0x00000000e1500000, 0x00000000e1500000| Complete 
|  22|0x00000000e1600000, 0x00000000e1700000, 0x00000000e1700000|100%| E|CS|TAMS 0x00000000e1600000, 0x00000000e1600000| Complete 
|  23|0x00000000e1700000, 0x00000000e1800000, 0x00000000e1800000|100%| E|CS|TAMS 0x00000000e1700000, 0x00000000e1700000| Complete 
|  24|0x00000000e1800000, 0x00000000e1900000, 0x00000000e1900000|100%| E|CS|TAMS 0x00000000e1800000, 0x00000000e1800000| Complete 
|  25|0x00000000e1900000, 0x00000000e1a00000, 0x00000000e1a00000|100%| E|  |TAMS 0x00000000e1900000, 0x00000000e1900000| Complete 
|  26|0x00000000e1a00000, 0x00000000e1b00000, 0x00000000e1b00000|100%| E|CS|TAMS 0x00000000e1a00000, 0x00000000e1a00000| Complete 
|  27|0x00000000e1b00000, 0x00000000e1c00000, 0x00000000e1c00000|100%| E|CS|TAMS 0x00000000e1b00000, 0x00000000e1b00000| Complete 
|  28|0x00000000e1c00000, 0x00000000e1d00000, 0x00000000e1d00000|100%| E|CS|TAMS 0x00000000e1c00000, 0x00000000e1c00000| Complete 
|  29|0x00000000e1d00000, 0x00000000e1e00000, 0x00000000e1e00000|100%| E|CS|TAMS 0x00000000e1d00000, 0x00000000e1d00000| Complete 
|  30|0x00000000e1e00000, 0x00000000e1f00000, 0x00000000e1f00000|100%| E|CS|TAMS 0x00000000e1e00000, 0x00000000e1e00000| Complete 
|  31|0x00000000e1f00000, 0x00000000e2000000, 0x00000000e2000000|100%| E|CS|TAMS 0x00000000e1f00000, 0x00000000e1f00000| Complete 
|  32|0x00000000e2000000, 0x00000000e2100000, 0x00000000e2100000|100%| E|CS|TAMS 0x00000000e2000000, 0x00000000e2000000| Complete 
|  33|0x00000000e2100000, 0x00000000e2200000, 0x00000000e2200000|100%| E|CS|TAMS 0x00000000e2100000, 0x00000000e2100000| Complete 
|  34|0x00000000e2200000, 0x00000000e2300000, 0x00000000e2300000|100%| E|CS|TAMS 0x00000000e2200000, 0x00000000e2200000| Complete 
|  35|0x00000000e2300000, 0x00000000e2400000, 0x00000000e2400000|100%| E|CS|TAMS 0x00000000e2300000, 0x00000000e2300000| Complete 
|  36|0x00000000e2400000, 0x00000000e2500000, 0x00000000e2500000|100%| E|CS|TAMS 0x00000000e2400000, 0x00000000e2400000| Complete 
| 215|0x00000000ed700000, 0x00000000ed74ff08, 0x00000000ed800000| 31%| S|CS|TAMS 0x00000000ed700000, 0x00000000ed700000| Complete 
| 216|0x00000000ed800000, 0x00000000ed900000, 0x00000000ed900000|100%| S|CS|TAMS 0x00000000ed800000, 0x00000000ed800000| Complete 
| 217|0x00000000ed900000, 0x00000000eda00000, 0x00000000eda00000|100%| S|CS|TAMS 0x00000000ed900000, 0x00000000ed900000| Complete 
| 218|0x00000000eda00000, 0x00000000edb00000, 0x00000000edb00000|100%| S|CS|TAMS 0x00000000eda00000, 0x00000000eda00000| Complete 
| 219|0x00000000edb00000, 0x00000000edc00000, 0x00000000edc00000|100%| S|CS|TAMS 0x00000000edb00000, 0x00000000edb00000| Complete 
| 220|0x00000000edc00000, 0x00000000edd00000, 0x00000000edd00000|100%| S|CS|TAMS 0x00000000edc00000, 0x00000000edc00000| Complete 
| 255|0x00000000eff00000, 0x00000000f0000000, 0x00000000f0000000|100%| E|CS|TAMS 0x00000000eff00000, 0x00000000eff00000| Complete 

Card table byte_map: [0x00000272e05a0000,0x00000272e06a0000] _byte_map_base: 0x00000272dfea0000

Marking Bits (Prev, Next): (CMBitMap*) 0x00000272c8c00740, (CMBitMap*) 0x00000272c8c00700
 Prev Bits: [0x00000272e0fa0000, 0x00000272e17a0000)
 Next Bits: [0x00000272e07a0000, 0x00000272e0fa0000)

Polling page: 0x00000272c69b0000

Metaspace:

Usage:
  Non-class:     20.67 MB used.
      Class:      2.94 MB used.
       Both:     23.61 MB used.

Virtual space:
  Non-class space:       24.00 MB reserved,      20.81 MB ( 87%) committed,  3 nodes.
      Class space:        1.00 GB reserved,       3.13 MB ( <1%) committed,  1 nodes.
              Both:        1.02 GB reserved,      23.94 MB (  2%) committed. 

Chunk freelists:
   Non-Class:  3.13 MB
       Class:  829.00 KB
        Both:  3.94 MB

MaxMetaspaceSize: 17179869184.00 GB
CompressedClassSpaceSize: 1.00 GB
 - commit_granule_bytes: 65536.
 - commit_granule_words: 8192.
 - virtual_space_node_default_size: 1048576.
 - enlarge_chunks_in_place: 1.
 - new_chunks_are_fully_committed: 0.
 - uncommit_free_chunks: 1.
 - use_allocation_guard: 0.
 - handle_deallocations: 1.


Internal statistics:

num_allocs_failed_limit: 3.
num_arena_births: 376.
num_arena_deaths: 0.
num_vsnodes_births: 4.
num_vsnodes_deaths: 0.
num_space_committed: 383.
num_space_uncommitted: 0.
num_chunks_returned_to_freelist: 3.
num_chunks_taken_from_freelist: 1064.
num_chunk_merges: 0.
num_chunk_splits: 700.
num_chunks_enlarged: 487.
num_purges: 0.

CodeHeap 'non-profiled nmethods': size=120000Kb used=1099Kb max_used=1099Kb free=118901Kb
 bounds [0x00000272d9070000, 0x00000272d92e0000, 0x00000272e05a0000]
CodeHeap 'profiled nmethods': size=120000Kb used=4981Kb max_used=4981Kb free=115018Kb
 bounds [0x00000272d1b40000, 0x00000272d2020000, 0x00000272d9070000]
CodeHeap 'non-nmethods': size=5760Kb used=1296Kb max_used=1375Kb free=4463Kb
 bounds [0x00000272d15a0000, 0x00000272d1810000, 0x00000272d1b40000]
 total_blobs=3160 nmethods=2555 adapters=517
 compilation: enabled
              stopped_count=0, restarted_count=0
 full_count=0

Compilation events (20 events):
Event: 10.571 Thread 0x00000272e3d85c80 2550       3       java.lang.PublicMethods::merge (81 bytes)
Event: 10.572 Thread 0x00000272e3d85c80 nmethod 2550 0x00000272d2014e10 code [0x00000272d2015060, 0x00000272d2015aa8]
Event: 10.572 Thread 0x00000272e3d85c80 2553       3       java.lang.reflect.Proxy$ProxyBuilder::addElementTypes (33 bytes)
Event: 10.573 Thread 0x00000272e3d85c80 nmethod 2553 0x00000272d2015e90 code [0x00000272d20160a0, 0x00000272d2016788]
Event: 10.573 Thread 0x00000272e3d85c80 2552       3       java.lang.PublicMethods$MethodList::merge (192 bytes)
Event: 10.574 Thread 0x00000272e3d85c80 nmethod 2552 0x00000272d2016a90 code [0x00000272d2016d00, 0x00000272d20177e8]
Event: 10.574 Thread 0x00000272e3d85c80 2551       3       java.lang.PublicMethods$Key::<init> (24 bytes)
Event: 10.574 Thread 0x00000272e3d85c80 nmethod 2551 0x00000272d2017b90 code [0x00000272d2017d60, 0x00000272d20180d8]
Event: 10.574 Thread 0x00000272e3d85c80 2555       3       java.lang.reflect.ProxyGenerator::typeNames (61 bytes)
Event: 10.575 Thread 0x00000272e3d85c80 nmethod 2555 0x00000272d2018290 code [0x00000272d20184c0, 0x00000272d2018e68]
Event: 10.576 Thread 0x00000272e3d85c80 2557       3       java.lang.Class::forName (15 bytes)
Event: 10.577 Thread 0x00000272e3d85c80 nmethod 2557 0x00000272d2019110 code [0x00000272d20192e0, 0x00000272d20194f8]
Event: 10.577 Thread 0x00000272e3d85c80 2558       3       java.util.Formatter::checkText (58 bytes)
Event: 10.578 Thread 0x00000272e3d85c80 nmethod 2558 0x00000272d2019610 code [0x00000272d20198a0, 0x00000272d201a598]
Event: 10.578 Thread 0x00000272e3d85c80 2559   !   3       org.openqa.selenium.json.JsonOutput::getMethod (68 bytes)
Event: 10.579 Thread 0x00000272e3d85c80 nmethod 2559 0x00000272d201ab10 code [0x00000272d201ae20, 0x00000272d201bdf8]
Event: 10.580 Thread 0x00000272e3d85c80 2560       3       io.netty.util.internal.ObjectUtil::checkPositiveOrZero (42 bytes)
Event: 10.581 Thread 0x00000272e3d85c80 nmethod 2560 0x00000272d201c510 code [0x00000272d201c760, 0x00000272d201cef8]
Event: 10.581 Thread 0x00000272e3d85c80 2561       3       java.util.concurrent.atomic.AtomicIntegerFieldUpdater$AtomicIntegerFieldUpdaterImpl::compareAndSet (19 bytes)
Event: 10.582 Thread 0x00000272e3d85c80 nmethod 2561 0x00000272d201d210 code [0x00000272d201d3c0, 0x00000272d201d628]

GC Heap History (8 events):
Event: 0.624 GC heap before
{Heap before GC invocations=0 (full 0):
 garbage-first heap   total 262144K, used 12288K [0x00000000e0000000, 0x0000000100000000)
  region size 1024K, 13 young (13312K), 0 survivors (0K)
 Metaspace       used 3933K, committed 4096K, reserved 1056768K
  class space    used 456K, committed 512K, reserved 1048576K
}
Event: 0.631 GC heap after
{Heap after GC invocations=1 (full 0):
 garbage-first heap   total 262144K, used 5217K [0x00000000e0000000, 0x0000000100000000)
  region size 1024K, 2 young (2048K), 2 survivors (2048K)
 Metaspace       used 3933K, committed 4096K, reserved 1056768K
  class space    used 456K, committed 512K, reserved 1048576K
}
Event: 1.185 GC heap before
{Heap before GC invocations=1 (full 0):
 garbage-first heap   total 262144K, used 15457K [0x00000000e0000000, 0x0000000100000000)
  region size 1024K, 12 young (12288K), 2 survivors (2048K)
 Metaspace       used 8231K, committed 8512K, reserved 1056768K
  class space    used 972K, committed 1088K, reserved 1048576K
}
Event: 1.190 GC heap after
{Heap after GC invocations=2 (full 0):
 garbage-first heap   total 262144K, used 6919K [0x00000000e0000000, 0x0000000100000000)
  region size 1024K, 2 young (2048K), 2 survivors (2048K)
 Metaspace       used 8231K, committed 8512K, reserved 1056768K
  class space    used 972K, committed 1088K, reserved 1048576K
}
Event: 2.081 GC heap before
{Heap before GC invocations=2 (full 0):
 garbage-first heap   total 262144K, used 28423K [0x00000000e0000000, 0x0000000100000000)
  region size 1024K, 23 young (23552K), 2 survivors (2048K)
 Metaspace       used 13755K, committed 14080K, reserved 1064960K
  class space    used 1674K, committed 1856K, reserved 1048576K
}
Event: 2.088 GC heap after
{Heap after GC invocations=3 (full 0):
 garbage-first heap   total 262144K, used 8225K [0x00000000e0000000, 0x0000000100000000)
  region size 1024K, 3 young (3072K), 3 survivors (3072K)
 Metaspace       used 13755K, committed 14080K, reserved 1064960K
  class space    used 1674K, committed 1856K, reserved 1048576K
}
Event: 3.153 GC heap before
{Heap before GC invocations=3 (full 0):
 garbage-first heap   total 262144K, used 39969K [0x00000000e0000000, 0x0000000100000000)
  region size 1024K, 35 young (35840K), 3 survivors (3072K)
 Metaspace       used 20997K, committed 21248K, reserved 1073152K
  class space    used 2548K, committed 2688K, reserved 1048576K
}
Event: 3.159 GC heap after
{Heap after GC invocations=4 (full 0):
 garbage-first heap   total 262144K, used 10786K [0x00000000e0000000, 0x0000000100000000)
  region size 1024K, 6 young (6144K), 6 survivors (6144K)
 Metaspace       used 20997K, committed 21248K, reserved 1073152K
  class space    used 2548K, committed 2688K, reserved 1048576K
}

Deoptimization events (20 events):
Event: 2.556 Thread 0x00000272e6331580 Uncommon trap: trap_request=0xffffff45 fr.pc=0x00000272d90ae948 relative=0x00000000000000a8
Event: 2.556 Thread 0x00000272e6331580 Uncommon trap: reason=unstable_if action=reinterpret pc=0x00000272d90ae948 method=java.lang.CharacterDataLatin1.digit(II)I @ 12 c2
Event: 2.556 Thread 0x00000272e6331580 DEOPT PACKING pc=0x00000272d90ae948 sp=0x0000007b531fe5e0
Event: 2.556 Thread 0x00000272e6331580 DEOPT UNPACKING pc=0x00000272d15ed72e sp=0x0000007b531fe558 mode 2
Event: 2.767 Thread 0x00000272c6b1af40 Uncommon trap: trap_request=0xffffff45 fr.pc=0x00000272d91087cc relative=0x000000000000524c
Event: 2.767 Thread 0x00000272c6b1af40 Uncommon trap: reason=unstable_if action=reinterpret pc=0x00000272d91087cc method=jdk.internal.org.objectweb.asm.Type.getArgumentsAndReturnSizes(Ljava/lang/String;)I @ 123 c2
Event: 2.767 Thread 0x00000272c6b1af40 DEOPT PACKING pc=0x00000272d91087cc sp=0x0000007b50dfa6c0
Event: 2.767 Thread 0x00000272c6b1af40 DEOPT UNPACKING pc=0x00000272d15ed72e sp=0x0000007b50dfa578 mode 2
Event: 4.913 Thread 0x00000272c6b1af40 Uncommon trap: trap_request=0xffffffde fr.pc=0x00000272d90ed0d8 relative=0x00000000000007d8
Event: 4.913 Thread 0x00000272c6b1af40 Uncommon trap: reason=class_check action=maybe_recompile pc=0x00000272d90ed0d8 method=java.util.HashMap.putVal(ILjava/lang/Object;Ljava/lang/Object;ZZ)Ljava/lang/Object; @ 253 c2
Event: 4.914 Thread 0x00000272c6b1af40 DEOPT PACKING pc=0x00000272d90ed0d8 sp=0x0000007b50dfb990
Event: 4.914 Thread 0x00000272c6b1af40 DEOPT UNPACKING pc=0x00000272d15ed72e sp=0x0000007b50dfb8b8 mode 2
Event: 6.994 Thread 0x00000272c6b1af40 Uncommon trap: trap_request=0xffffff45 fr.pc=0x00000272d9119690 relative=0x0000000000002830
Event: 6.994 Thread 0x00000272c6b1af40 Uncommon trap: reason=unstable_if action=reinterpret pc=0x00000272d9119690 method=jdk.internal.loader.URLClassPath$FileLoader.getResource(Ljava/lang/String;Z)Ljdk/internal/loader/Resource; @ 139 c2
Event: 6.994 Thread 0x00000272c6b1af40 DEOPT PACKING pc=0x00000272d9119690 sp=0x0000007b50dfbee0
Event: 6.994 Thread 0x00000272c6b1af40 DEOPT UNPACKING pc=0x00000272d15ed72e sp=0x0000007b50dfbe58 mode 2
Event: 7.016 Thread 0x00000272c6b1af40 Uncommon trap: trap_request=0xffffffde fr.pc=0x00000272d90ed0d8 relative=0x00000000000007d8
Event: 7.016 Thread 0x00000272c6b1af40 Uncommon trap: reason=class_check action=maybe_recompile pc=0x00000272d90ed0d8 method=java.util.HashMap.putVal(ILjava/lang/Object;Ljava/lang/Object;ZZ)Ljava/lang/Object; @ 253 c2
Event: 7.016 Thread 0x00000272c6b1af40 DEOPT PACKING pc=0x00000272d90ed0d8 sp=0x0000007b50dfc260
Event: 7.016 Thread 0x00000272c6b1af40 DEOPT UNPACKING pc=0x00000272d15ed72e sp=0x0000007b50dfc188 mode 2

Classes unloaded (0 events):
No events

Classes redefined (0 events):
No events

Internal exceptions (20 events):
Event: 2.603 Thread 0x00000272e6331580 Exception <a 'java/net/ConnectException'{0x00000000eed8af68}: Connection refused: no further information> (0x00000000eed8af68) 
thrown [c:\wsjdk\correttojdksrc\installers\windows\zip\corretto-build\buildroot\src\hotspot\share\prims\jni.cpp, line 600]
Event: 2.603 Thread 0x00000272e6331580 Exception <a 'java/net/SocketException'{0x00000000eed8b2a0}: Socket is not connected: shutdown> (0x00000000eed8b2a0) 
thrown [c:\wsjdk\correttojdksrc\installers\windows\zip\corretto-build\buildroot\src\hotspot\share\prims\jni.cpp, line 600]
Event: 2.645 Thread 0x00000272e632c080 Exception <a 'java/lang/NoSuchMethodError'{0x00000000eee97708}: 'void java.lang.invoke.DirectMethodHandle$Holder.invokeStatic(java.lang.Object, long)'> (0x00000000eee97708) 
thrown [c:\wsjdk\correttojdksrc\installers\windows\zip\corretto-build\buildroot\src\hotspot\share\interpreter\linkResolver.cpp, line 790]
Event: 2.646 Thread 0x00000272e632c080 Exception <a 'java/lang/NoSuchMethodError'{0x00000000eee9cce0}: 'java.lang.Object java.lang.invoke.DirectMethodHandle$Holder.newInvokeSpecial(java.lang.Object, long)'> (0x00000000eee9cce0) 
thrown [c:\wsjdk\correttojdksrc\installers\windows\zip\corretto-build\buildroot\src\hotspot\share\interpreter\linkResolver.cpp, line 790]
Event: 2.647 Thread 0x00000272e632c080 Exception <a 'java/lang/NoSuchMethodError'{0x00000000eeea3a30}: 'java.lang.Object java.lang.invoke.DirectMethodHandle$Holder.invokeStatic(java.lang.Object, java.lang.Object, long, java.lang.Object)'> (0x00000000eeea3a30) 
thrown [c:\wsjdk\correttojdksrc\installers\windows\zip\corretto-build\buildroot\src\hotspot\share\interpreter\linkResolver.cpp, line 790]
Event: 2.648 Thread 0x00000272e632c080 Exception <a 'java/lang/NoSuchMethodError'{0x00000000eeea7428}: 'java.lang.Object java.lang.invoke.DirectMethodHandle$Holder.invokeStaticInit(java.lang.Object, java.lang.Object, long, java.lang.Object)'> (0x00000000eeea7428) 
thrown [c:\wsjdk\correttojdksrc\installers\windows\zip\corretto-build\buildroot\src\hotspot\share\interpreter\linkResolver.cpp, line 790]
Event: 2.648 Thread 0x00000272e632c080 Exception <a 'java/lang/NoSuchMethodError'{0x00000000eeead7a0}: 'java.lang.Object java.lang.invoke.DirectMethodHandle$Holder.newInvokeSpecial(java.lang.Object, java.lang.Object, long)'> (0x00000000eeead7a0) 
thrown [c:\wsjdk\correttojdksrc\installers\windows\zip\corretto-build\buildroot\src\hotspot\share\interpreter\linkResolver.cpp, line 790]
Event: 2.653 Thread 0x00000272e6331580 Exception <a 'java/net/ConnectException'{0x00000000eed8c238}: Connection refused: no further information> (0x00000000eed8c238) 
thrown [c:\wsjdk\correttojdksrc\installers\windows\zip\corretto-build\buildroot\src\hotspot\share\prims\jni.cpp, line 600]
Event: 2.653 Thread 0x00000272e6331580 Exception <a 'java/net/SocketException'{0x00000000eed8c570}: Socket is not connected: shutdown> (0x00000000eed8c570) 
thrown [c:\wsjdk\correttojdksrc\installers\windows\zip\corretto-build\buildroot\src\hotspot\share\prims\jni.cpp, line 600]
Event: 2.767 Thread 0x00000272c6b1af40 Exception <a 'java/lang/NoSuchMethodError'{0x00000000eeb16fa8}: 'double java.lang.invoke.DirectMethodHandle$Holder.invokeVirtual(java.lang.Object, java.lang.Object)'> (0x00000000eeb16fa8) 
thrown [c:\wsjdk\correttojdksrc\installers\windows\zip\corretto-build\buildroot\src\hotspot\share\interpreter\linkResolver.cpp, line 790]
Event: 2.767 Thread 0x00000272c6b1af40 Exception <a 'java/lang/NoSuchMethodError'{0x00000000eeb1dc60}: 'float java.lang.invoke.DirectMethodHandle$Holder.invokeVirtual(java.lang.Object, java.lang.Object)'> (0x00000000eeb1dc60) 
thrown [c:\wsjdk\correttojdksrc\installers\windows\zip\corretto-build\buildroot\src\hotspot\share\interpreter\linkResolver.cpp, line 790]
Event: 2.768 Thread 0x00000272c6b1af40 Exception <a 'java/lang/NoSuchMethodError'{0x00000000eeb271b0}: 'long java.lang.invoke.DirectMethodHandle$Holder.invokeVirtual(java.lang.Object, java.lang.Object)'> (0x00000000eeb271b0) 
thrown [c:\wsjdk\correttojdksrc\installers\windows\zip\corretto-build\buildroot\src\hotspot\share\interpreter\linkResolver.cpp, line 790]
Event: 2.774 Thread 0x00000272c6b1af40 Exception <a 'java/lang/NoSuchMethodError'{0x00000000eeb5dca0}: 'java.lang.Object java.lang.invoke.DirectMethodHandle$Holder.invokeVirtual(java.lang.Object, java.lang.Object, java.lang.Object)'> (0x00000000eeb5dca0) 
thrown [c:\wsjdk\correttojdksrc\installers\windows\zip\corretto-build\buildroot\src\hotspot\share\interpreter\linkResolver.cpp, line 790]
Event: 2.811 Thread 0x00000272c6b1af40 Exception <a 'java/lang/NoSuchMethodError'{0x00000000ee903b00}: 'void java.lang.invoke.DirectMethodHandle$Holder.invokeSpecial(java.lang.Object, java.lang.Object, java.lang.Object, java.lang.Object, java.lang.Object)'> (0x00000000ee903b00) 
thrown [c:\wsjdk\correttojdksrc\installers\windows\zip\corretto-build\buildroot\src\hotspot\share\interpreter\linkResolver.cpp, line 790]
Event: 2.812 Thread 0x00000272c6b1af40 Exception <a 'java/lang/NoSuchMethodError'{0x00000000ee90b040}: 'void java.lang.invoke.DirectMethodHandle$Holder.invokeStatic(java.lang.Object, java.lang.Object, int)'> (0x00000000ee90b040) 
thrown [c:\wsjdk\correttojdksrc\installers\windows\zip\corretto-build\buildroot\src\hotspot\share\interpreter\linkResolver.cpp, line 790]
Event: 2.880 Thread 0x00000272c6b1af40 Exception <a 'java/lang/NoSuchMethodError'{0x00000000ee479a50}: 'int java.lang.invoke.DirectMethodHandle$Holder.invokeSpecialIFC(java.lang.Object, java.lang.Object, java.lang.Object)'> (0x00000000ee479a50) 
thrown [c:\wsjdk\correttojdksrc\installers\windows\zip\corretto-build\buildroot\src\hotspot\share\interpreter\linkResolver.cpp, line 790]
Event: 3.015 Thread 0x00000272c6b1af40 Exception <a 'java/lang/NoSuchMethodError'{0x00000000ee07dc88}: 'void java.lang.invoke.DirectMethodHandle$Holder.invokeSpecial(java.lang.Object, java.lang.Object, java.lang.Object, java.lang.Object, java.lang.Object, java.lang.Object)'> (0x00000000ee07dc88) 
thrown [c:\wsjdk\correttojdksrc\installers\windows\zip\corretto-build\buildroot\src\hotspot\share\interpreter\linkResolver.cpp, line 790]
Event: 4.902 Thread 0x00000272c6b1af40 Exception <a 'java/lang/NoSuchMethodError'{0x00000000e1e7cdb0}: 'java.lang.Object java.lang.invoke.DirectMethodHandle$Holder.invokeSpecialIFC(java.lang.Object, java.lang.Object, java.lang.Object)'> (0x00000000e1e7cdb0) 
thrown [c:\wsjdk\correttojdksrc\installers\windows\zip\corretto-build\buildroot\src\hotspot\share\interpreter\linkResolver.cpp, line 790]
Event: 4.929 Thread 0x00000272c6b1af40 Exception <a 'java/lang/NoSuchMethodError'{0x00000000e1da4538}: 'java.lang.Object java.lang.invoke.DirectMethodHandle$Holder.invokeStatic(java.lang.Object, int, java.lang.Object)'> (0x00000000e1da4538) 
thrown [c:\wsjdk\correttojdksrc\installers\windows\zip\corretto-build\buildroot\src\hotspot\share\interpreter\linkResolver.cpp, line 790]
Event: 4.935 Thread 0x00000272c6b1af40 Exception <a 'java/lang/ClassNotFoundException'{0x00000000e1db6aa0}: sun/util/logging/resources/spi/loggingProvider> (0x00000000e1db6aa0) 
thrown [c:\wsjdk\correttojdksrc\installers\windows\zip\corretto-build\buildroot\src\hotspot\share\classfile\systemDictionary.cpp, line 256]

Events (20 events):
Event: 5.581 loading class java/util/concurrent/ConcurrentLinkedDeque$Itr done
Event: 7.020 loading class java/lang/annotation/ElementType
Event: 7.020 loading class java/lang/annotation/ElementType done
Event: 7.051 loading class jdk/internal/reflect/UnsafeObjectFieldAccessorImpl
Event: 7.051 loading class jdk/internal/reflect/UnsafeObjectFieldAccessorImpl done
Event: 7.131 loading class java/net/URLEncoder
Event: 7.131 loading class java/net/URLEncoder done
Event: 7.132 loading class java/io/CharArrayWriter
Event: 7.132 loading class java/io/CharArrayWriter done
Event: 7.215 Executing  VM operation: Cleanup
Event: 7.215 Executing  VM operation: Cleanup done
Event: 7.762 Thread 0x00000272e632f050 Thread exited: 0x00000272e632f050
Event: 8.230 Executing  VM operation: Cleanup
Event: 8.230 Executing  VM operation: Cleanup done
Event: 9.241 Executing  VM operation: Cleanup
Event: 9.241 Executing  VM operation: Cleanup done
Event: 10.250 Executing  VM operation: Cleanup
Event: 10.250 Executing  VM operation: Cleanup done
Event: 10.564 loading class sun/reflect/generics/repository/FieldRepository
Event: 10.564 loading class sun/reflect/generics/repository/FieldRepository done


Dynamic libraries:
0x00007ff7fe160000 - 0x00007ff7fe16d000 	C:\Users\Shariq\.jdks\corretto-16.0.2\bin\java.exe
0x00007ff8b9eb0000 - 0x00007ff8ba0a8000 	C:\WINDOWS\SYSTEM32\ntdll.dll
0x00007ff87b680000 - 0x00007ff87b697000 	C:\Program Files (x86)\AVG\Antivirus\aswhook.dll
0x00007ff8b88b0000 - 0x00007ff8b896f000 	C:\WINDOWS\System32\KERNEL32.DLL
0x00007ff8b76a0000 - 0x00007ff8b7972000 	C:\WINDOWS\System32\KERNELBASE.dll
0x00007ff8b7d90000 - 0x00007ff8b7e90000 	C:\WINDOWS\System32\ucrtbase.dll
0x00007ff8b2990000 - 0x00007ff8b29a5000 	C:\Users\Shariq\.jdks\corretto-16.0.2\bin\VCRUNTIME140.dll
0x00007ff8a9990000 - 0x00007ff8a99a8000 	C:\Users\Shariq\.jdks\corretto-16.0.2\bin\jli.dll
0x00007ff8b8430000 - 0x00007ff8b85cd000 	C:\WINDOWS\System32\USER32.dll
0x00007ff89f980000 - 0x00007ff89fc1a000 	C:\WINDOWS\WinSxS\amd64_microsoft.windows.common-controls_6595b64144ccf1df_6.0.19041.1110_none_60b5254171f9507e\COMCTL32.dll
0x00007ff8b7670000 - 0x00007ff8b7692000 	C:\WINDOWS\System32\win32u.dll
0x00007ff8b8d70000 - 0x00007ff8b8d9b000 	C:\WINDOWS\System32\GDI32.dll
0x00007ff8b7fe0000 - 0x00007ff8b807e000 	C:\WINDOWS\System32\msvcrt.dll
0x00007ff8b7c80000 - 0x00007ff8b7d8f000 	C:\WINDOWS\System32\gdi32full.dll
0x00007ff8b7a30000 - 0x00007ff8b7acd000 	C:\WINDOWS\System32\msvcp_win.dll
0x00007ff8b96e0000 - 0x00007ff8b9712000 	C:\WINDOWS\System32\IMM32.DLL
0x00007ff88abe0000 - 0x00007ff88ac7b000 	C:\Users\Shariq\.jdks\corretto-16.0.2\bin\msvcp140.dll
0x00007ff84f490000 - 0x00007ff850099000 	C:\Users\Shariq\.jdks\corretto-16.0.2\bin\server\jvm.dll
0x00007ff8b9120000 - 0x00007ff8b91ce000 	C:\WINDOWS\System32\ADVAPI32.dll
0x00007ff8b91d0000 - 0x00007ff8b926c000 	C:\WINDOWS\System32\sechost.dll
0x00007ff8b8780000 - 0x00007ff8b88a5000 	C:\WINDOWS\System32\RPCRT4.dll
0x00007ff8b8a00000 - 0x00007ff8b8a08000 	C:\WINDOWS\System32\PSAPI.DLL
0x00007ff8a47c0000 - 0x00007ff8a47c9000 	C:\WINDOWS\SYSTEM32\WSOCK32.dll
0x00007ff8a9de0000 - 0x00007ff8a9dea000 	C:\WINDOWS\SYSTEM32\VERSION.dll
0x00007ff8b8e20000 - 0x00007ff8b8e8b000 	C:\WINDOWS\System32\WS2_32.dll
0x00007ff89ae40000 - 0x00007ff89ae67000 	C:\WINDOWS\SYSTEM32\WINMM.dll
0x00007ff8b5e00000 - 0x00007ff8b5e12000 	C:\WINDOWS\SYSTEM32\kernel.appcore.dll
0x00007ff8b2a30000 - 0x00007ff8b2a3a000 	C:\Users\Shariq\.jdks\corretto-16.0.2\bin\jimage.dll
0x00007ff8b5a50000 - 0x00007ff8b5c34000 	C:\WINDOWS\SYSTEM32\DBGHELP.DLL
0x00007ff8a9470000 - 0x00007ff8a949c000 	C:\WINDOWS\SYSTEM32\dbgcore.DLL
0x00007ff8b75e0000 - 0x00007ff8b7662000 	C:\WINDOWS\System32\bcryptPrimitives.dll
0x00007ff89fe70000 - 0x00007ff89fe95000 	C:\Users\Shariq\.jdks\corretto-16.0.2\bin\java.dll
0x00007ff8b9720000 - 0x00007ff8b9e63000 	C:\WINDOWS\System32\SHELL32.dll
0x00007ff8b51f0000 - 0x00007ff8b5982000 	C:\WINDOWS\SYSTEM32\windows.storage.dll
0x00007ff8b8a10000 - 0x00007ff8b8d64000 	C:\WINDOWS\System32\combase.dll
0x00007ff8b6f30000 - 0x00007ff8b6f60000 	C:\WINDOWS\SYSTEM32\Wldp.dll
0x00007ff8b81b0000 - 0x00007ff8b825d000 	C:\WINDOWS\System32\SHCORE.dll
0x00007ff8b90a0000 - 0x00007ff8b90f5000 	C:\WINDOWS\System32\shlwapi.dll
0x00007ff8b74f0000 - 0x00007ff8b750f000 	C:\WINDOWS\SYSTEM32\profapi.dll
0x00007ff8a8d30000 - 0x00007ff8a8d49000 	C:\Users\Shariq\.jdks\corretto-16.0.2\bin\net.dll
0x00007ff8ab580000 - 0x00007ff8ab68c000 	C:\WINDOWS\SYSTEM32\WINHTTP.dll
0x00007ff8b6c90000 - 0x00007ff8b6cfa000 	C:\WINDOWS\system32\mswsock.dll
0x00007ff8a8ce0000 - 0x00007ff8a8cf3000 	C:\Users\Shariq\.jdks\corretto-16.0.2\bin\nio.dll
0x00007ff89fe50000 - 0x00007ff89fe68000 	C:\Users\Shariq\.jdks\corretto-16.0.2\bin\zip.dll
0x00007ff8b2a10000 - 0x00007ff8b2a20000 	C:\Users\Shariq\.jdks\corretto-16.0.2\bin\verify.dll
0x00007ff8a8df0000 - 0x00007ff8a8dfe000 	C:\Users\Shariq\.jdks\corretto-16.0.2\bin\sunmscapi.dll
0x00007ff8b7ad0000 - 0x00007ff8b7c26000 	C:\WINDOWS\System32\CRYPT32.dll
0x00007ff8b6fa0000 - 0x00007ff8b6fc7000 	C:\WINDOWS\SYSTEM32\ncrypt.dll
0x00007ff8b6f60000 - 0x00007ff8b6f9b000 	C:\WINDOWS\SYSTEM32\NTASN1.dll
0x00007ff880370000 - 0x00007ff880377000 	C:\WINDOWS\system32\wshunix.dll
0x00007ff8b6e80000 - 0x00007ff8b6e98000 	C:\WINDOWS\SYSTEM32\CRYPTSP.dll
0x00007ff8b65b0000 - 0x00007ff8b65e4000 	C:\WINDOWS\system32\rsaenh.dll
0x00007ff8b75b0000 - 0x00007ff8b75d7000 	C:\WINDOWS\System32\bcrypt.dll
0x00007ff8b7470000 - 0x00007ff8b749e000 	C:\WINDOWS\SYSTEM32\USERENV.dll
0x00007ff8b6ea0000 - 0x00007ff8b6eac000 	C:\WINDOWS\SYSTEM32\CRYPTBASE.dll
0x00007ff8b6980000 - 0x00007ff8b69bb000 	C:\WINDOWS\SYSTEM32\IPHLPAPI.DLL
0x00007ff8b8e10000 - 0x00007ff8b8e18000 	C:\WINDOWS\System32\NSI.dll
0x00007ff8a9430000 - 0x00007ff8a9447000 	C:\WINDOWS\SYSTEM32\dhcpcsvc6.DLL
0x00007ff8a9720000 - 0x00007ff8a973d000 	C:\WINDOWS\SYSTEM32\dhcpcsvc.DLL
0x00007ff8b69c0000 - 0x00007ff8b6a8a000 	C:\WINDOWS\SYSTEM32\DNSAPI.dll
0x00007ff8a94f0000 - 0x00007ff8a94fa000 	C:\Windows\System32\rasadhlp.dll
0x00007ff8a56a0000 - 0x00007ff8a5720000 	C:\WINDOWS\System32\fwpuclnt.dll
0x00007ff8b2910000 - 0x00007ff8b2919000 	C:\Users\Shariq\.jdks\corretto-16.0.2\bin\management.dll
0x00007ff8b28e0000 - 0x00007ff8b28eb000 	C:\Users\Shariq\.jdks\corretto-16.0.2\bin\management_ext.dll

dbghelp: loaded successfully - version: 4.0.5 - missing functions: none
symbol engine: initialized successfully - sym options: 0x614 - pdb path: .;C:\Users\Shariq\.jdks\corretto-16.0.2\bin;C:\WINDOWS\SYSTEM32;C:\Program Files (x86)\AVG\Antivirus;C:\WINDOWS\WinSxS\amd64_microsoft.windows.common-controls_6595b64144ccf1df_6.0.19041.1110_none_60b5254171f9507e;C:\Users\Shariq\.jdks\corretto-16.0.2\bin\server

VM Arguments:
jvm_args: -Dbrowser -Denv -Dorg.gradle.internal.worker.tmpdir=C:\Nisha\NishaGITHUB\nisha_java\QA-Automation-Framework\build\tmp\test\work -Dorg.gradle.native=false -Dsuite -Dwhere --add-opens=java.base/java.util=ALL-UNNAMED --add-opens=java.base/java.lang=ALL-UNNAMED -Xmx512m -Dfile.encoding=windows-1252 -Duser.country=US -Duser.language=en -Duser.variant -ea 
java_command: worker.org.gradle.process.internal.worker.GradleWorkerMain 'Gradle Test Executor 13'
java_class_path (initial): C:\\Users\\Shariq\\.gradle\\caches\\7.4\\workerMain\\gradle-worker.jar;C:\\Nisha\\NishaGITHUB\\nisha_java\\QA-Automation-Framework\\build\\classes\\java\\test;C:\\Nisha\\NishaGITHUB\\nisha_java\\QA-Automation-Framework\\build\\resources\\test;C:\\Users\\Shariq\\.gradle\\caches\\modules-2\\files-2.1\\org.seleniumhq.selenium\\selenium-java\\4.5.0\\daf29450e6357c2d4ad816787a4c71f90139401d\\selenium-java-4.5.0.jar;C:\\Users\\Shariq\\.gradle\\caches\\modules-2\\files-2.1\\org.testng\\testng\\7.6.1\\3411a1a74d2eba06b2487d048a107c1b42c4558c\\testng-7.6.1.jar;C:\\Users\\Shariq\\.gradle\\caches\\modules-2\\files-2.1\\org.seleniumhq.selenium\\selenium-chrome-driver\\4.5.0\\7f2b9915d959153b32102654b1723f920b6c0136\\selenium-chrome-driver-4.5.0.jar;C:\\Users\\Shariq\\.gradle\\caches\\modules-2\\files-2.1\\org.seleniumhq.selenium\\selenium-devtools-v104\\4.5.0\\5546687ad601b37c5a3937ca7c37d5b9a1ff57d1\\selenium-devtools-v104-4.5.0.jar;C:\\Users\\Shariq\\.gradle\\caches\\modules-2\\files-2.1\\org.seleniumhq.selenium\\selenium-devtools-v105\\4.5.0\\fbb1a11cba76ab3f86e7088cf06a8f8db43891c2\\selenium-devtools-v105-4.5.0.jar;C:\\Users\\Shariq\\.gradle\\caches\\modules-2\\files-2.1\\org.seleniumhq.selenium\\selenium-devtools-v106\\4.5.0\\6df4d79a95aa215fc0238d2fcf96b235988ebb8e\\selenium-devtools-v106-4.5.0.jar;C:\\Users\\Shariq\\.gradle\\caches\\modules-2\\files-2.1\\org.seleniumhq.selenium\\selenium-firefox-driver\\4.5.0\\3a2539813d720a3ea362871e1997d50eebc4ede3\\selenium-firefox-driver-4.5.0.jar;C:\\Users\\Shariq\\.gradle\\caches\\modules-2\\files-2.1\\org.seleniumhq.selenium\\selenium-devtools-v85\\4.5.0\\5bf6e8805b1ca29dc8dfa1c460ff8f0de0ff9d74\\selenium-devtools-v85-4.5.0.jar;C:\\Users\\Shariq\\.gradle\\caches\\modules-2\\files-2.1\\org.seleniumhq.selenium\\selenium-edge-driver\\4.5.0\\cda189a357832cef14f64403c7e8aa3c293d6428\\selenium-edge-driver-4.5.0.jar;C:\\Users\\Shariq\\.gradle\\caches\\modules-2\\files-2.1\\org.seleniumhq.selenium\\selenium-ie
Launcher Type: SUN_STANDARD

[Global flags]
     intx CICompilerCount                          = 3                                         {product} {ergonomic}
     uint ConcGCThreads                            = 1                                         {product} {ergonomic}
     uint G1ConcRefinementThreads                  = 4                                         {product} {ergonomic}
   size_t G1HeapRegionSize                         = 1048576                                   {product} {ergonomic}
    uintx GCDrainStackTargetSize                   = 64                                        {product} {ergonomic}
   size_t InitialHeapSize                          = 268435456                                 {product} {ergonomic}
   size_t MarkStackSize                            = 4194304                                   {product} {ergonomic}
   size_t MaxHeapSize                              = 536870912                                 {product} {command line}
   size_t MaxNewSize                               = 321912832                                 {product} {ergonomic}
   size_t MinHeapDeltaBytes                        = 1048576                                   {product} {ergonomic}
   size_t MinHeapSize                              = 8388608                                   {product} {ergonomic}
    uintx NonNMethodCodeHeapSize                   = 5832780                                {pd product} {ergonomic}
    uintx NonProfiledCodeHeapSize                  = 122912730                              {pd product} {ergonomic}
    uintx ProfiledCodeHeapSize                     = 122912730                              {pd product} {ergonomic}
    uintx ReservedCodeCacheSize                    = 251658240                              {pd product} {ergonomic}
     bool SegmentedCodeCache                       = true                                      {product} {ergonomic}
   size_t SoftMaxHeapSize                          = 536870912                              {manageable} {ergonomic}
     bool UseCompressedClassPointers               = true                           {product lp64_product} {ergonomic}
     bool UseCompressedOops                        = true                           {product lp64_product} {ergonomic}
     bool UseG1GC                                  = true                                      {product} {ergonomic}
     bool UseLargePagesIndividualAllocation        = false                                  {pd product} {ergonomic}

Logging:
Log output configuration:
 #0: stdout all=warning uptime,level,tags
 #1: stderr all=off uptime,level,tags

Environment Variables:
JAVA_HOME=C:\Users\Shariq\.jdks\corretto-16.0.2
PATH=C:\Users\Shariq\.jdks\corretto-16.0.2\bin;C:\Program Files\Common Files\Oracle\Java\javapath;C:\gradle-7.5.1;C:\Python310\;C:\Program Files (x86)\Intel\iCLS Client\;C:\Program Files\Microsoft MPI\Bin\;C:\ProgramData\Oracle\Java\javapath;C:\Program Files\Intel\iCLS Client\;C:\WINDOWS\system32;C:\WINDOWS;C:\WINDOWS\System32\Wbem;C:\WINDOWS\System32\WindowsPowerShell\v1.0\;C:\Program Files (x86)\Microsoft SQL Server\130\Tools\Binn\;C:\Program Files\Microsoft SQL Server\130\Tools\Binn\;C:\Program Files (x86)\Microsoft SQL Server\130\DTS\Binn\;C:\Program Files\Microsoft SQL Server\130\DTS\Binn\;C:\Program Files\Microsoft SQL Server\Client SDK\ODBC\130\Tools\Binn\;C:\Program Files (x86)\Microsoft SQL Server\Client SDK\ODBC\130\Tools\Binn\;C:\Program Files (x86)\Microsoft SQL Server\130\Tools\Binn\ManagementStudio\;C:\Program Files (x86)\Microsoft SQL Server\110\DTS\Binn\;C:\Program Files (x86)\Microsoft SQL Server\120\DTS\Binn\;C:\Program Files\MySQL\MySQL Utilities 1.6\;C:\Program Files\MySQL\MySQL Server 5.7\bin;C:\Program Files\dotnet\;C:\Program Files (x86)\Microsoft SQL Server\140\DTS\Binn\;C:\Program Files (x86)\Intel\Intel(R) Management Engine Components\DAL;C:\Program Files\Intel\Intel(R) Management Engine Components\DAL;C:\Program Files (x86)\Intel\Intel(R) Management Engine Components\IPT;C:\Program Files\Intel\Intel(R) Management Engine Components\IPT;C:\Program Files\Microsoft\Web Platform Installer\;C:\Program Files\Amazon\AWSCLI\;C:\WINDOWS\System32\OpenSSH\;C:\Program Files (x86)\Microsoft VS Code\bin;C:\Program Files\Redis\;C:\Program Files\Git\cmd;C:\Program Files\nodejs\;C:\gradle-7.5.1\bin;C:\geckodriver.exe;C:\Users\Shariq\AppData\Local\Programs\Python\Python36\Scripts\;C:\Users\Shariq\AppData\Local\Programs\Python\Python36\;C:\Ruby23-x64\bin;C:\Program Files (x86)\Microsoft VS Code\bin;C:\Users\Shariq\AppData\Local\atom\bin;C:\Users\Shariq\AppData\Local\Microsoft\WindowsApps;C:\Users\Shariq\AppData\Roaming\npm;C:\Users\Shariq\AppData\Local\GitHubDes
USERNAME=Shariq
OS=Windows_NT
PROCESSOR_IDENTIFIER=Intel64 Family 6 Model 78 Stepping 3, GenuineIntel



---------------  S Y S T E M  ---------------

OS:
 Windows 10 , 64 bit Build 19041 (10.0.19041.2251)
OS uptime: 5 days 0:02 hours

CPU: total 4 (initial active 4) (2 cores per cpu, 2 threads per core) family 6 model 78 stepping 3 microcode 0xcc, cx8, cmov, fxsr, ht, mmx, 3dnowpref, sse, sse2, sse3, ssse3, sse4.1, sse4.2, popcnt, lzcnt, tsc, tscinvbit, avx, avx2, aes, erms, clmul, bmi1, bmi2, adx, fma, vzeroupper, clflush, clflushopt

Memory: 4k page, system-wide physical 16260M (1090M free)
TotalPageFile size 24260M (AvailPageFile size 4M)
current process WorkingSet (physical memory assigned to process): 122M, peak: 142M
current process commit charge ("private bytes"): 169M, peak: 387M

vm_info: OpenJDK 64-Bit Server VM (16.0.2+7) for windows-amd64 JRE (16.0.2+7), built on Jul 22 2021 01:11:46 by "Administrator" with MS VC++ 15.9 (VS2017)

END.
