#
# There is insufficient memory for the Java Runtime Environment to continue.
# Native memory allocation (mmap) failed to map 65536 bytes for Failed to commit metaspace.
# Possible reasons:
#   The system is out of physical RAM or swap space
#   The process is running with CompressedOops enabled, and the Java Heap may be blocking the growth of the native heap
# Possible solutions:
#   Reduce memory load on the system
#   Increase physical memory or swap space
#   Check if swap backing store is full
#   Decrease Java heap size (-Xmx/-Xms)
#   Decrease number of Java threads
#   Decrease Java thread stack sizes (-Xss)
#   Set larger code cache with -XX:ReservedCodeCacheSize=
#   JVM is running with Unscaled Compressed Oops mode in which the Java heap is
#     placed in the first 4GB address space. The Java Heap base address is the
#     maximum limit for the native heap growth. Please use -XX:HeapBaseMinAddress
#     to set the Java Heap base and to place the Java Heap above 4GB virtual address.
# This output file may be truncated or incomplete.
#
#  Out of Memory Error (virtualSpaceNode.cpp:108), pid=26396, tid=27912
#
# JRE version: OpenJDK Runtime Environment Corretto-16.0.2.7.1 (16.0.2+7) (build 16.0.2+7)
# Java VM: OpenJDK 64-Bit Server VM Corretto-16.0.2.7.1 (16.0.2+7, mixed mode, sharing, tiered, compressed oops, compressed class ptrs, g1 gc, windows-amd64)
# No core dump will be written. Minidumps are not enabled by default on client versions of Windows
#

---------------  S U M M A R Y ------------

Command Line: -Dbrowser -Denv -Dorg.gradle.internal.worker.tmpdir=C:\Nisha\NishaGITHUB\nisha_java\QA-Automation-Framework\build\tmp\test\work -Dorg.gradle.native=false -Dsuite -Dwhere --add-opens=java.base/java.util=ALL-UNNAMED --add-opens=java.base/java.lang=ALL-UNNAMED -Xmx512m -Dfile.encoding=windows-1252 -Duser.country=US -Duser.language=en -Duser.variant -ea worker.org.gradle.process.internal.worker.GradleWorkerMain 'Gradle Test Executor 15'

Host: Intel(R) Core(TM) i7-6500U CPU @ 2.50GHz, 4 cores, 15G,  Windows 10 , 64 bit Build 19041 (10.0.19041.2251)
Time: Sun Dec  4 16:59:37 2022 Pacific Standard Time elapsed time: 8.260429 seconds (0d 0h 0m 8s)

---------------  T H R E A D  ---------------

Current thread (0x00000140789ca9e0):  JavaThread "Test worker" [_thread_in_vm, id=27912, stack(0x00000028f0400000,0x00000028f0500000)]

Stack: [0x00000028f0400000,0x00000028f0500000]
Native frames: (J=compiled Java code, j=interpreted, Vv=VM code, C=native code)
V  [jvm.dll+0x647e0a]
V  [jvm.dll+0x7f0549]
V  [jvm.dll+0x7f1cfe]
V  [jvm.dll+0x7f2343]
V  [jvm.dll+0x23dd88]
V  [jvm.dll+0x7ecd8b]
V  [jvm.dll+0x5ef1d6]
V  [jvm.dll+0x1bbdfe]
V  [jvm.dll+0x5f17f4]
V  [jvm.dll+0x5efad1]
V  [jvm.dll+0x23b8cc]
V  [jvm.dll+0x69d058]
V  [jvm.dll+0x69da7f]
V  [jvm.dll+0x35d873]
V  [jvm.dll+0x35cb12]
V  [jvm.dll+0x35cab8]
V  [jvm.dll+0x36bd3d]
C  0x000001400892c3fb

Java frames: (J=compiled Java code, j=interpreted, Vv=VM code)
j  org.openqa.selenium.support.How.<clinit>()V+26
v  ~StubRoutines::call_stub
j  jdk.internal.reflect.NativeMethodAccessorImpl.invoke0(Ljava/lang/reflect/Method;Ljava/lang/Object;[Ljava/lang/Object;)Ljava/lang/Object;+0 java.base@16.0.2
j  jdk.internal.reflect.NativeMethodAccessorImpl.invoke(Ljava/lang/Object;[Ljava/lang/Object;)Ljava/lang/Object;+146 java.base@16.0.2
j  jdk.internal.reflect.DelegatingMethodAccessorImpl.invoke(Ljava/lang/Object;[Ljava/lang/Object;)Ljava/lang/Object;+6 java.base@16.0.2
J 1828 c1 java.lang.Class.getEnumConstantsShared()[Ljava/lang/Object; java.base@16.0.2 (71 bytes) @ 0x0000014009225fcc [0x00000140092251e0+0x0000000000000dec]
j  java.lang.Class.enumConstantDirectory()Ljava/util/Map;+10 java.base@16.0.2
j  java.lang.Enum.valueOf(Ljava/lang/Class;Ljava/lang/String;)Ljava/lang/Enum;+1 java.base@16.0.2
j  sun.reflect.annotation.AnnotationParser.parseEnumValue(Ljava/lang/Class;Ljava/nio/ByteBuffer;Ljdk/internal/reflect/ConstantPool;Ljava/lang/Class;)Ljava/lang/Object;+138 java.base@16.0.2
j  sun.reflect.annotation.AnnotationParser.parseMemberValue(Ljava/lang/Class;Ljava/nio/ByteBuffer;Ljdk/internal/reflect/ConstantPool;Ljava/lang/Class;)Ljava/lang/Object;+56 java.base@16.0.2
j  java.lang.reflect.Method.getDefaultValue()Ljava/lang/Object;+41 java.base@16.0.2
j  sun.reflect.annotation.AnnotationType.<init>(Ljava/lang/Class;)V+216 java.base@16.0.2
j  sun.reflect.annotation.AnnotationType.getInstance(Ljava/lang/Class;)Lsun/reflect/annotation/AnnotationType;+21 java.base@16.0.2
j  sun.reflect.annotation.AnnotationParser.parseAnnotation2(Ljava/nio/ByteBuffer;Ljdk/internal/reflect/ConstantPool;Ljava/lang/Class;Z[Ljava/lang/Class;)Ljava/lang/annotation/Annotation;+116 java.base@16.0.2
j  sun.reflect.annotation.AnnotationParser.parseAnnotations2([BLjdk/internal/reflect/ConstantPool;Ljava/lang/Class;[Ljava/lang/Class;)Ljava/util/Map;+41 java.base@16.0.2
j  sun.reflect.annotation.AnnotationParser.parseAnnotations([BLjdk/internal/reflect/ConstantPool;Ljava/lang/Class;)Ljava/util/Map;+12 java.base@16.0.2
j  java.lang.reflect.Field.declaredAnnotations()Ljava/util/Map;+59 java.base@16.0.2
j  java.lang.reflect.Field.declaredAnnotations()Ljava/util/Map;+32 java.base@16.0.2
j  java.lang.reflect.Field.getAnnotation(Ljava/lang/Class;)Ljava/lang/annotation/Annotation;+7 java.base@16.0.2
j  org.openqa.selenium.support.pagefactory.Annotations.isLookupCached()Z+6
j  org.openqa.selenium.support.pagefactory.DefaultElementLocator.<init>(Lorg/openqa/selenium/SearchContext;Lorg/openqa/selenium/support/pagefactory/AbstractAnnotations;)V+11
j  org.openqa.selenium.support.pagefactory.DefaultElementLocator.<init>(Lorg/openqa/selenium/SearchContext;Ljava/lang/reflect/Field;)V+10
j  org.openqa.selenium.support.pagefactory.DefaultElementLocatorFactory.createLocator(Ljava/lang/reflect/Field;)Lorg/openqa/selenium/support/pagefactory/ElementLocator;+9
j  org.openqa.selenium.support.pagefactory.DefaultFieldDecorator.decorate(Ljava/lang/ClassLoader;Ljava/lang/reflect/Field;)Ljava/lang/Object;+27
j  org.openqa.selenium.support.PageFactory.proxyFields(Lorg/openqa/selenium/support/pagefactory/FieldDecorator;Ljava/lang/Object;Ljava/lang/Class;)V+40
j  org.openqa.selenium.support.PageFactory.initElements(Lorg/openqa/selenium/support/pagefactory/FieldDecorator;Ljava/lang/Object;)V+14
j  org.openqa.selenium.support.PageFactory.initElements(Lorg/openqa/selenium/support/pagefactory/ElementLocatorFactory;Ljava/lang/Object;)V+9
j  org.openqa.selenium.support.PageFactory.initElements(Lorg/openqa/selenium/SearchContext;Ljava/lang/Object;)V+9
j  pages.BasePage.<init>(Lorg/openqa/selenium/WebDriver;)V+57
j  pages.LoginPage.<init>(Lorg/openqa/selenium/WebDriver;)V+2
j  FavoritesTests.DeleteTestMethod_2()V+8
v  ~StubRoutines::call_stub
j  jdk.internal.reflect.NativeMethodAccessorImpl.invoke0(Ljava/lang/reflect/Method;Ljava/lang/Object;[Ljava/lang/Object;)Ljava/lang/Object;+0 java.base@16.0.2
j  jdk.internal.reflect.NativeMethodAccessorImpl.invoke(Ljava/lang/Object;[Ljava/lang/Object;)Ljava/lang/Object;+146 java.base@16.0.2
j  jdk.internal.reflect.DelegatingMethodAccessorImpl.invoke(Ljava/lang/Object;[Ljava/lang/Object;)Ljava/lang/Object;+6 java.base@16.0.2
j  java.lang.reflect.Method.invoke(Ljava/lang/Object;[Ljava/lang/Object;)Ljava/lang/Object;+59 java.base@16.0.2
j  org.testng.internal.invokers.MethodInvocationHelper.invokeMethod(Ljava/lang/reflect/Method;Ljava/lang/Object;[Ljava/lang/Object;)Ljava/lang/Object;+198
j  org.testng.internal.invokers.TestInvoker.invokeMethod(Lorg/testng/internal/invokers/TestMethodArguments;Lorg/testng/xml/XmlSuite;Lorg/testng/internal/invokers/ITestInvoker$FailureContext;)Lorg/testng/ITestResult;+1014
j  org.testng.internal.invokers.TestInvoker.invokeTestMethod(Lorg/testng/internal/invokers/TestMethodArguments;Lorg/testng/xml/XmlSuite;Lorg/testng/internal/invokers/ITestInvoker$FailureContext;)Lorg/testng/ITestResult;+16
j  org.testng.internal.invokers.MethodRunner.runInSequence(Lorg/testng/internal/invokers/TestMethodArguments;Lorg/testng/internal/invokers/ITestInvoker;Lorg/testng/ITestContext;Ljava/util/concurrent/atomic/AtomicInteger;Lorg/testng/internal/invokers/ITestInvoker$FailureContext;Ljava/util/Iterator;Z)Ljava/util/List;+127
j  org.testng.internal.invokers.TestInvoker$MethodInvocationAgent.invoke(I)I+376
j  org.testng.internal.invokers.TestInvoker.invokeTestMethods(Lorg/testng/ITestNGMethod;Lorg/testng/internal/ConfigurationGroupMethods;Ljava/lang/Object;Lorg/testng/ITestContext;)Ljava/util/List;+569
j  org.testng.internal.invokers.TestMethodWorker.invokeTestMethods(Lorg/testng/ITestNGMethod;Ljava/lang/Object;)V+14
j  org.testng.internal.invokers.TestMethodWorker.run()V+127
j  org.testng.TestRunner$$Lambda$198+0x0000000800d30558.accept(Ljava/lang/Object;)V+7
j  java.util.ArrayList.forEach(Ljava/util/function/Consumer;)V+46 java.base@16.0.2
j  org.testng.TestRunner.privateRun(Lorg/testng/xml/XmlTest;)V+323
j  org.testng.TestRunner.run()V+25
j  org.testng.SuiteRunner.runTest(Lorg/testng/TestRunner;)V+21
j  org.testng.SuiteRunner.runSequentially()V+31
j  org.testng.SuiteRunner.privateRun()V+314
j  org.testng.SuiteRunner.run()V+6
j  org.testng.SuiteRunnerWorker.runSuite(Lorg/testng/internal/invokers/SuiteRunnerMap;Lorg/testng/xml/XmlSuite;)V+56
j  org.testng.SuiteRunnerWorker.run()V+12
j  org.testng.TestNG.runSuitesSequentially(Lorg/testng/xml/XmlSuite;Lorg/testng/internal/invokers/SuiteRunnerMap;ILjava/lang/String;)V+66
j  org.testng.TestNG.runSuitesLocally()Ljava/util/List;+156
j  org.testng.TestNG.runSuites()Ljava/util/List;+1
j  org.testng.TestNG.run()V+25
j  org.gradle.api.internal.tasks.testing.testng.TestNGTestClassProcessor.runTests()V+426
j  org.gradle.api.internal.tasks.testing.testng.TestNGTestClassProcessor.stop()V+1
j  org.gradle.api.internal.tasks.testing.SuiteTestClassProcessor.stop()V+4
v  ~StubRoutines::call_stub
j  jdk.internal.reflect.NativeMethodAccessorImpl.invoke0(Ljava/lang/reflect/Method;Ljava/lang/Object;[Ljava/lang/Object;)Ljava/lang/Object;+0 java.base@16.0.2
j  jdk.internal.reflect.NativeMethodAccessorImpl.invoke(Ljava/lang/Object;[Ljava/lang/Object;)Ljava/lang/Object;+146 java.base@16.0.2
j  jdk.internal.reflect.DelegatingMethodAccessorImpl.invoke(Ljava/lang/Object;[Ljava/lang/Object;)Ljava/lang/Object;+6 java.base@16.0.2
j  java.lang.reflect.Method.invoke(Ljava/lang/Object;[Ljava/lang/Object;)Ljava/lang/Object;+59 java.base@16.0.2
j  org.gradle.internal.dispatch.ReflectionDispatch.dispatch(Lorg/gradle/internal/dispatch/MethodInvocation;)V+19
j  org.gradle.internal.dispatch.ReflectionDispatch.dispatch(Ljava/lang/Object;)V+5
j  org.gradle.internal.dispatch.ContextClassLoaderDispatch.dispatch(Ljava/lang/Object;)V+22
j  org.gradle.internal.dispatch.ProxyDispatchAdapter$DispatchingInvocationHandler.invoke(Ljava/lang/Object;Ljava/lang/reflect/Method;[Ljava/lang/Object;)Ljava/lang/Object;+177
j  jdk.proxy1.$Proxy2.stop()V+9 jdk.proxy1
j  org.gradle.api.internal.tasks.testing.worker.TestWorker$3.run()V+7
j  org.gradle.api.internal.tasks.testing.worker.TestWorker.executeAndMaintainThreadName(Ljava/lang/Runnable;)V+1
j  org.gradle.api.internal.tasks.testing.worker.TestWorker.execute(Lorg/gradle/process/internal/worker/WorkerProcessContext;)V+80
j  org.gradle.api.internal.tasks.testing.worker.TestWorker.execute(Ljava/lang/Object;)V+5
j  org.gradle.process.internal.worker.child.ActionExecutionWorker.execute(Lorg/gradle/process/internal/worker/WorkerProcessContext;)V+65
j  org.gradle.process.internal.worker.child.SystemApplicationClassLoaderWorker.call()Ljava/lang/Void;+343
j  org.gradle.process.internal.worker.child.SystemApplicationClassLoaderWorker.call()Ljava/lang/Object;+1
j  worker.org.gradle.process.internal.worker.GradleWorkerMain.run()V+250
j  worker.org.gradle.process.internal.worker.GradleWorkerMain.main([Ljava/lang/String;)V+7
v  ~StubRoutines::call_stub

---------------  P R O C E S S  ---------------

Threads class SMR info:
_java_thread_list=0x000001401da63e00, length=28, elements={
0x00000140789ca9e0, 0x000001401b80ad00, 0x000001401b80c400, 0x000001401b8235f0,
0x000001401b825110, 0x000001401b82b2e0, 0x000001401b82c480, 0x000001401b831260,
0x000001401b832be0, 0x000001401b84b1d0, 0x000001401c4ec160, 0x000001401c4f26a0,
0x000001401cbf2c20, 0x000001401cc7d700, 0x000001401c7fe770, 0x000001401d624e90,
0x000001401d622960, 0x000001401d6243f0, 0x000001401d623950, 0x000001401d624940,
0x000001401d621970, 0x000001401d622eb0, 0x000001401d621ec0, 0x000001401d622410,
0x000001401d623400, 0x000001401ccb99a0, 0x000001401ccb9450, 0x000001401ccb79c0
}

Java Threads: ( => current thread )
=>0x00000140789ca9e0 JavaThread "Test worker" [_thread_in_vm, id=27912, stack(0x00000028f0400000,0x00000028f0500000)]
  0x000001401b80ad00 JavaThread "Reference Handler" daemon [_thread_blocked, id=24852, stack(0x00000028f0b00000,0x00000028f0c00000)]
  0x000001401b80c400 JavaThread "Finalizer" daemon [_thread_blocked, id=15352, stack(0x00000028f0c00000,0x00000028f0d00000)]
  0x000001401b8235f0 JavaThread "Signal Dispatcher" daemon [_thread_blocked, id=24940, stack(0x00000028f0d00000,0x00000028f0e00000)]
  0x000001401b825110 JavaThread "Attach Listener" daemon [_thread_blocked, id=14492, stack(0x00000028f0e00000,0x00000028f0f00000)]
  0x000001401b82b2e0 JavaThread "Service Thread" daemon [_thread_blocked, id=17688, stack(0x00000028f0f00000,0x00000028f1000000)]
  0x000001401b82c480 JavaThread "Monitor Deflation Thread" daemon [_thread_blocked, id=25812, stack(0x00000028f1000000,0x00000028f1100000)]
  0x000001401b831260 JavaThread "C2 CompilerThread0" daemon [_thread_blocked, id=6820, stack(0x00000028f1100000,0x00000028f1200000)]
  0x000001401b832be0 JavaThread "C1 CompilerThread0" daemon [_thread_blocked, id=3984, stack(0x00000028f1200000,0x00000028f1300000)]
  0x000001401b84b1d0 JavaThread "Sweeper thread" daemon [_thread_blocked, id=23728, stack(0x00000028f1300000,0x00000028f1400000)]
  0x000001401c4ec160 JavaThread "Common-Cleaner" daemon [_thread_blocked, id=1432, stack(0x00000028f1400000,0x00000028f1500000)]
  0x000001401c4f26a0 JavaThread "Notification Thread" daemon [_thread_blocked, id=19428, stack(0x00000028f1500000,0x00000028f1600000)]
  0x000001401cbf2c20 JavaThread "/127.0.0.1:63226 to /127.0.0.1:63220 workers" [_thread_blocked, id=23940, stack(0x00000028f1c00000,0x00000028f1d00000)]
  0x000001401cc7d700 JavaThread "/127.0.0.1:63226 to /127.0.0.1:63220 workers Thread 2" [_thread_blocked, id=24324, stack(0x00000028f1d00000,0x00000028f1e00000)]
  0x000001401c7fe770 JavaThread "/127.0.0.1:63226 to /127.0.0.1:63220 workers Thread 3" [_thread_in_native, id=20884, stack(0x00000028f1e00000,0x00000028f1f00000)]
  0x000001401d624e90 JavaThread "ForkJoinPool.commonPool-worker-3" daemon [_thread_blocked, id=10668, stack(0x00000028f2000000,0x00000028f2100000)]
  0x000001401d622960 JavaThread "ForkJoinPool.commonPool-worker-5" daemon [_thread_blocked, id=27892, stack(0x00000028f2100000,0x00000028f2200000)]
  0x000001401d6243f0 JavaThread "ForkJoinPool.commonPool-worker-7" daemon [_thread_blocked, id=18300, stack(0x00000028f2200000,0x00000028f2300000)]
  0x000001401d623950 JavaThread "AsyncHttpClient-1-1" daemon [_thread_blocked, id=8884, stack(0x00000028f1f00000,0x00000028f2000000)]
  0x000001401d624940 JavaThread "Exec Default Executor" daemon [_thread_in_native, id=28332, stack(0x00000028f2300000,0x00000028f2400000)]
  0x000001401d621970 JavaThread "Driver Service Executor" daemon [_thread_blocked, id=24116, stack(0x00000028f2400000,0x00000028f2500000)]
  0x000001401d622eb0 JavaThread "Driver Service Executor" daemon [_thread_blocked, id=1288, stack(0x00000028f2500000,0x00000028f2600000)]
  0x000001401d621ec0 JavaThread "UrlChecker-2" daemon [_thread_blocked, id=14228, stack(0x00000028f2600000,0x00000028f2700000)]
  0x000001401d622410 JavaThread "Exec Stream Pumper" daemon [_thread_in_native, id=26276, stack(0x00000028f2700000,0x00000028f2800000)]
  0x000001401d623400 JavaThread "Exec Stream Pumper" daemon [_thread_in_native, id=23496, stack(0x00000028f2800000,0x00000028f2900000)]
  0x000001401ccb99a0 JavaThread "AsyncHttpClient-1-2" daemon [_thread_in_native, id=8040, stack(0x00000028f2a00000,0x00000028f2b00000)]
  0x000001401ccb9450 JavaThread "AsyncHttpClient-1-3" daemon [_thread_in_native, id=8508, stack(0x00000028f2b00000,0x00000028f2c00000)]
  0x000001401ccb79c0 JavaThread "AsyncHttpClient-1-4" daemon [_thread_in_native, id=27780, stack(0x00000028f2c00000,0x00000028f2d00000)]

Other Threads:
  0x000001401b808880 VMThread "VM Thread" [stack: 0x00000028f0a00000,0x00000028f0b00000] [id=24512]
  0x000001401c4f4bd0 WatcherThread [stack: 0x00000028f1600000,0x00000028f1700000] [id=15748]
  0x00000140789f0e10 GCTaskThread "GC Thread#0" [stack: 0x00000028f0500000,0x00000028f0600000] [id=10732]
  0x000001401cbc90b0 GCTaskThread "GC Thread#1" [stack: 0x00000028f1800000,0x00000028f1900000] [id=8672]
  0x000001401cbd6150 GCTaskThread "GC Thread#2" [stack: 0x00000028f1900000,0x00000028f1a00000] [id=1620]
  0x000001401cbd6c70 GCTaskThread "GC Thread#3" [stack: 0x00000028f1a00000,0x00000028f1b00000] [id=14524]
  0x00000140789f5e50 ConcurrentGCThread "G1 Main Marker" [stack: 0x00000028f0600000,0x00000028f0700000] [id=27616]
  0x00000140789f8110 ConcurrentGCThread "G1 Conc#0" [stack: 0x00000028f0700000,0x00000028f0800000] [id=17564]
  0x0000014078a9b1c0 ConcurrentGCThread "G1 Refine#0" [stack: 0x00000028f0800000,0x00000028f0900000] [id=15488]
  0x000001401c6056c0 ConcurrentGCThread "G1 Refine#1" [stack: 0x00000028f1b00000,0x00000028f1c00000] [id=15284]
  0x0000014078a9bc40 ConcurrentGCThread "G1 Service" [stack: 0x00000028f0900000,0x00000028f0a00000] [id=24276]

Threads with active compile tasks:

VM state: not at safepoint (normal execution)

VM Mutex/Monitor currently owned by a thread:  ([mutex/lock_event])
[0x00000140789c62f0] MetaspaceExpand_lock - owner thread: 0x00000140789ca9e0

Heap address: 0x00000000e0000000, size: 512 MB, Compressed Oops mode: 32-bit

CDS archive(s) mapped at: [0x0000000800000000-0x0000000800be0000-0x0000000800be0000), size 12451840, SharedBaseAddress: 0x0000000800000000, ArchiveRelocationMode: 0.
Compressed class space mapped at: 0x0000000800c00000-0x0000000840c00000, reserved size: 1073741824
Narrow klass base: 0x0000000800000000, Narrow klass shift: 3, Narrow klass range: 0x100000000

GC Precious Log:
 CPUs: 4 total, 4 available
 Memory: 16260M
 Large Page Support: Disabled
 NUMA Support: Disabled
 Compressed Oops: Enabled (32-bit)
 Heap Region Size: 1M
 Heap Min Capacity: 8M
 Heap Initial Capacity: 256M
 Heap Max Capacity: 512M
 Pre-touch: Disabled
 Parallel Workers: 4
 Concurrent Workers: 1
 Concurrent Refinement Workers: 4
 Periodic GC: Disabled

Heap:
 garbage-first heap   total 45056K, used 30178K [0x00000000e0000000, 0x0000000100000000)
  region size 1024K, 21 young (21504K), 6 survivors (6144K)
 Metaspace       used 23925K, committed 24256K, reserved 1073152K
  class space    used 2982K, committed 3136K, reserved 1048576K

Heap Regions: E=young(eden), S=young(survivor), O=old, HS=humongous(starts), HC=humongous(continues), CS=collection set, F=free, OA=open archive, CA=closed archive, TAMS=top-at-mark-start (previous, next)
|   0|0x00000000e0000000, 0x00000000e0100000, 0x00000000e0100000|100%| O|  |TAMS 0x00000000e0100000, 0x00000000e0000000| Untracked 
|   1|0x00000000e0100000, 0x00000000e0200000, 0x00000000e0200000|100%| O|  |TAMS 0x00000000e0200000, 0x00000000e0100000| Untracked 
|   2|0x00000000e0200000, 0x00000000e0300000, 0x00000000e0300000|100%| O|  |TAMS 0x00000000e0300000, 0x00000000e0200000| Untracked 
|   3|0x00000000e0300000, 0x00000000e0400000, 0x00000000e0400000|100%| O|  |TAMS 0x00000000e0400000, 0x00000000e0300000| Untracked 
|   4|0x00000000e0400000, 0x00000000e0500000, 0x00000000e0500000|100%| O|  |TAMS 0x00000000e0500000, 0x00000000e0400000| Untracked 
|   5|0x00000000e0500000, 0x00000000e0545000, 0x00000000e0600000| 26%| O|  |TAMS 0x00000000e0545000, 0x00000000e0500000| Untracked 
|   6|0x00000000e0600000, 0x00000000e0700000, 0x00000000e0700000|100%|HS|  |TAMS 0x00000000e0600000, 0x00000000e0600000| Complete 
|   7|0x00000000e0700000, 0x00000000e0800000, 0x00000000e0800000|100%|HC|  |TAMS 0x00000000e0700000, 0x00000000e0700000| Complete 
|   8|0x00000000e0800000, 0x00000000e0900000, 0x00000000e0900000|100%|HC|  |TAMS 0x00000000e0800000, 0x00000000e0800000| Complete 
|   9|0x00000000e0900000, 0x00000000e0a00000, 0x00000000e0a00000|100%|HC|  |TAMS 0x00000000e0900000, 0x00000000e0900000| Complete 
|  10|0x00000000e0a00000, 0x00000000e0b00000, 0x00000000e0b00000|100%|HC|  |TAMS 0x00000000e0a00000, 0x00000000e0a00000| Complete 
|  11|0x00000000e0b00000, 0x00000000e0b00000, 0x00000000e0c00000|  0%| F|  |TAMS 0x00000000e0b00000, 0x00000000e0b00000| Untracked 
|  12|0x00000000e0c00000, 0x00000000e0c00000, 0x00000000e0d00000|  0%| F|  |TAMS 0x00000000e0c00000, 0x00000000e0c00000| Untracked 
|  13|0x00000000e0d00000, 0x00000000e0d00000, 0x00000000e0e00000|  0%| F|  |TAMS 0x00000000e0d00000, 0x00000000e0d00000| Untracked 
|  14|0x00000000e0e00000, 0x00000000e0e00000, 0x00000000e0f00000|  0%| F|  |TAMS 0x00000000e0e00000, 0x00000000e0e00000| Untracked 
|  15|0x00000000e0f00000, 0x00000000e0f00000, 0x00000000e1000000|  0%| F|  |TAMS 0x00000000e0f00000, 0x00000000e0f00000| Untracked 
|  16|0x00000000e1000000, 0x00000000e1000000, 0x00000000e1100000|  0%| F|  |TAMS 0x00000000e1000000, 0x00000000e1000000| Untracked 
|  17|0x00000000e1100000, 0x00000000e1100000, 0x00000000e1200000|  0%| F|  |TAMS 0x00000000e1100000, 0x00000000e1100000| Untracked 
|  18|0x00000000e1200000, 0x00000000e1200000, 0x00000000e1300000|  0%| F|  |TAMS 0x00000000e1200000, 0x00000000e1200000| Untracked 
|  19|0x00000000e1300000, 0x00000000e1300000, 0x00000000e1400000|  0%| F|  |TAMS 0x00000000e1300000, 0x00000000e1300000| Untracked 
|  20|0x00000000e1400000, 0x00000000e1400000, 0x00000000e1500000|  0%| F|  |TAMS 0x00000000e1400000, 0x00000000e1400000| Untracked 
|  21|0x00000000e1500000, 0x00000000e1500000, 0x00000000e1600000|  0%| F|  |TAMS 0x00000000e1500000, 0x00000000e1500000| Untracked 
|  22|0x00000000e1600000, 0x00000000e1600000, 0x00000000e1700000|  0%| F|  |TAMS 0x00000000e1600000, 0x00000000e1600000| Untracked 
|  23|0x00000000e1700000, 0x00000000e17e3a48, 0x00000000e1800000| 88%| E|  |TAMS 0x00000000e1700000, 0x00000000e1700000| Complete 
|  24|0x00000000e1800000, 0x00000000e1900000, 0x00000000e1900000|100%| E|CS|TAMS 0x00000000e1800000, 0x00000000e1800000| Complete 
|  25|0x00000000e1900000, 0x00000000e1a00000, 0x00000000e1a00000|100%| E|CS|TAMS 0x00000000e1900000, 0x00000000e1900000| Complete 
|  26|0x00000000e1a00000, 0x00000000e1b00000, 0x00000000e1b00000|100%| E|CS|TAMS 0x00000000e1a00000, 0x00000000e1a00000| Complete 
|  27|0x00000000e1b00000, 0x00000000e1c00000, 0x00000000e1c00000|100%| E|CS|TAMS 0x00000000e1b00000, 0x00000000e1b00000| Complete 
|  28|0x00000000e1c00000, 0x00000000e1d00000, 0x00000000e1d00000|100%| E|CS|TAMS 0x00000000e1c00000, 0x00000000e1c00000| Complete 
|  29|0x00000000e1d00000, 0x00000000e1e00000, 0x00000000e1e00000|100%| E|CS|TAMS 0x00000000e1d00000, 0x00000000e1d00000| Complete 
|  30|0x00000000e1e00000, 0x00000000e1f00000, 0x00000000e1f00000|100%| E|CS|TAMS 0x00000000e1e00000, 0x00000000e1e00000| Complete 
|  31|0x00000000e1f00000, 0x00000000e2000000, 0x00000000e2000000|100%| E|CS|TAMS 0x00000000e1f00000, 0x00000000e1f00000| Complete 
|  32|0x00000000e2000000, 0x00000000e2100000, 0x00000000e2100000|100%| E|CS|TAMS 0x00000000e2000000, 0x00000000e2000000| Complete 
|  33|0x00000000e2100000, 0x00000000e2200000, 0x00000000e2200000|100%| E|CS|TAMS 0x00000000e2100000, 0x00000000e2100000| Complete 
|  34|0x00000000e2200000, 0x00000000e2300000, 0x00000000e2300000|100%| E|CS|TAMS 0x00000000e2200000, 0x00000000e2200000| Complete 
|  35|0x00000000e2300000, 0x00000000e2400000, 0x00000000e2400000|100%| E|CS|TAMS 0x00000000e2300000, 0x00000000e2300000| Complete 
|  36|0x00000000e2400000, 0x00000000e2500000, 0x00000000e2500000|100%| E|CS|TAMS 0x00000000e2400000, 0x00000000e2400000| Complete 
| 215|0x00000000ed700000, 0x00000000ed733b10, 0x00000000ed800000| 20%| S|CS|TAMS 0x00000000ed700000, 0x00000000ed700000| Complete 
| 216|0x00000000ed800000, 0x00000000ed900000, 0x00000000ed900000|100%| S|CS|TAMS 0x00000000ed800000, 0x00000000ed800000| Complete 
| 217|0x00000000ed900000, 0x00000000eda00000, 0x00000000eda00000|100%| S|CS|TAMS 0x00000000ed900000, 0x00000000ed900000| Complete 
| 218|0x00000000eda00000, 0x00000000edb00000, 0x00000000edb00000|100%| S|CS|TAMS 0x00000000eda00000, 0x00000000eda00000| Complete 
| 219|0x00000000edb00000, 0x00000000edc00000, 0x00000000edc00000|100%| S|CS|TAMS 0x00000000edb00000, 0x00000000edb00000| Complete 
| 220|0x00000000edc00000, 0x00000000edd00000, 0x00000000edd00000|100%| S|CS|TAMS 0x00000000edc00000, 0x00000000edc00000| Complete 
| 255|0x00000000eff00000, 0x00000000f0000000, 0x00000000f0000000|100%| E|CS|TAMS 0x00000000eff00000, 0x00000000eff00000| Complete 

Card table byte_map: [0x0000014018040000,0x0000014018140000] _byte_map_base: 0x0000014017940000

Marking Bits (Prev, Next): (CMBitMap*) 0x00000140789f14c0, (CMBitMap*) 0x00000140789f1480
 Prev Bits: [0x0000014018a40000, 0x0000014019240000)
 Next Bits: [0x0000014018240000, 0x0000014018a40000)

Polling page: 0x0000014000000000

Metaspace:

Usage:
  Non-class:     20.45 MB used.
      Class:      2.91 MB used.
       Both:     23.36 MB used.

Virtual space:
  Non-class space:       24.00 MB reserved,      20.63 MB ( 86%) committed,  3 nodes.
      Class space:        1.00 GB reserved,       3.06 MB ( <1%) committed,  1 nodes.
              Both:        1.02 GB reserved,      23.69 MB (  2%) committed. 

Chunk freelists:
   Non-Class:  2.48 MB
       Class:  848.00 KB
        Both:  3.31 MB

MaxMetaspaceSize: 17179869184.00 GB
CompressedClassSpaceSize: 1.00 GB
 - commit_granule_bytes: 65536.
 - commit_granule_words: 8192.
 - virtual_space_node_default_size: 1048576.
 - enlarge_chunks_in_place: 1.
 - new_chunks_are_fully_committed: 0.
 - uncommit_free_chunks: 1.
 - use_allocation_guard: 0.
 - handle_deallocations: 1.


Internal statistics:

num_allocs_failed_limit: 3.
num_arena_births: 370.
num_arena_deaths: 0.
num_vsnodes_births: 4.
num_vsnodes_deaths: 0.
num_space_committed: 379.
num_space_uncommitted: 0.
num_chunks_returned_to_freelist: 3.
num_chunks_taken_from_freelist: 1046.
num_chunk_merges: 3.
num_chunk_splits: 692.
num_chunks_enlarged: 487.
num_purges: 0.

CodeHeap 'non-profiled nmethods': size=120000Kb used=1046Kb max_used=1046Kb free=118953Kb
 bounds [0x00000140103e0000, 0x0000014010650000, 0x0000014017910000]
CodeHeap 'profiled nmethods': size=120000Kb used=4776Kb max_used=4776Kb free=115223Kb
 bounds [0x0000014008eb0000, 0x0000014009360000, 0x00000140103e0000]
CodeHeap 'non-nmethods': size=5760Kb used=1293Kb max_used=1372Kb free=4466Kb
 bounds [0x0000014008910000, 0x0000014008b80000, 0x0000014008eb0000]
 total_blobs=3010 nmethods=2405 adapters=517
 compilation: enabled
              stopped_count=0, restarted_count=0
 full_count=0

Compilation events (20 events):
Event: 7.809 Thread 0x000001401b832be0 nmethod 2395 0x00000140104e3990 code [0x00000140104e3b20, 0x00000140104e3bd8]
Event: 8.222 Thread 0x000001401b832be0 2396       3       java.util.regex.Pattern$BmpCharPropertyGreedy::match (89 bytes)
Event: 8.223 Thread 0x000001401b832be0 nmethod 2396 0x0000014009356c90 code [0x0000014009356e80, 0x00000140093574e8]
Event: 8.224 Thread 0x000001401b832be0 2397       3       java.util.ArrayDeque::addFirst (51 bytes)
Event: 8.225 Thread 0x000001401b832be0 nmethod 2397 0x0000014009357710 code [0x00000140093578e0, 0x0000014009357db8]
Event: 8.227 Thread 0x000001401b832be0 2398       3       java.lang.invoke.LambdaFormEditor$TransformKey::of (49 bytes)
Event: 8.227 Thread 0x000001401b831260 2400   !   4       java.lang.invoke.MemberName::getMethodType (203 bytes)
Event: 8.228 Thread 0x000001401b832be0 nmethod 2398 0x0000014009357f10 code [0x0000014009358120, 0x0000014009358778]
Event: 8.228 Thread 0x000001401b832be0 2399       3       java.lang.invoke.LambdaFormEditor$TransformKey::packedBytes (32 bytes)
Event: 8.229 Thread 0x000001401b832be0 nmethod 2399 0x0000014009358990 code [0x0000014009358b20, 0x0000014009358c38]
Event: 8.231 Thread 0x000001401b831260 nmethod 2400 0x00000140104e3c90 code [0x00000140104e3e20, 0x00000140104e3ef8]
Event: 8.232 Thread 0x000001401b832be0 2401       3       java.util.regex.ASCII::isDigit (18 bytes)
Event: 8.233 Thread 0x000001401b832be0 nmethod 2401 0x0000014009358d10 code [0x0000014009358ea0, 0x0000014009358ff8]
Event: 8.233 Thread 0x000001401b832be0 2402       3       java.lang.invoke.DirectMethodHandle$Holder::newInvokeSpecial (24 bytes)
Event: 8.234 Thread 0x000001401b832be0 nmethod 2402 0x0000014009359090 code [0x0000014009359280, 0x0000014009359868]
Event: 8.238 Thread 0x000001401b832be0 2403       3       jdk.internal.loader.URLClassPath::getResource (74 bytes)
Event: 8.239 Thread 0x000001401b832be0 nmethod 2403 0x0000014009359a10 code [0x0000014009359be0, 0x0000014009359f38]
Event: 8.246 Thread 0x000001401b832be0 2404       3       jdk.internal.misc.Unsafe::pickPos (14 bytes)
Event: 8.247 Thread 0x000001401b832be0 nmethod 2404 0x000001400935a090 code [0x000001400935a220, 0x000001400935a318]
Event: 8.248 Thread 0x000001401b831260 2405   !   4       java.util.WeakHashMap::expungeStaleEntries (139 bytes)

GC Heap History (8 events):
Event: 0.865 GC heap before
{Heap before GC invocations=0 (full 0):
 garbage-first heap   total 262144K, used 12288K [0x00000000e0000000, 0x0000000100000000)
  region size 1024K, 13 young (13312K), 0 survivors (0K)
 Metaspace       used 3951K, committed 4096K, reserved 1056768K
  class space    used 460K, committed 512K, reserved 1048576K
}
Event: 0.874 GC heap after
{Heap after GC invocations=1 (full 0):
 garbage-first heap   total 262144K, used 5243K [0x00000000e0000000, 0x0000000100000000)
  region size 1024K, 2 young (2048K), 2 survivors (2048K)
 Metaspace       used 3951K, committed 4096K, reserved 1056768K
  class space    used 460K, committed 512K, reserved 1048576K
}
Event: 1.428 GC heap before
{Heap before GC invocations=1 (full 0):
 garbage-first heap   total 262144K, used 15483K [0x00000000e0000000, 0x0000000100000000)
  region size 1024K, 12 young (12288K), 2 survivors (2048K)
 Metaspace       used 8210K, committed 8448K, reserved 1056768K
  class space    used 972K, committed 1088K, reserved 1048576K
}
Event: 1.434 GC heap after
{Heap after GC invocations=2 (full 0):
 garbage-first heap   total 262144K, used 6994K [0x00000000e0000000, 0x0000000100000000)
  region size 1024K, 2 young (2048K), 2 survivors (2048K)
 Metaspace       used 8210K, committed 8448K, reserved 1056768K
  class space    used 972K, committed 1088K, reserved 1048576K
}
Event: 2.312 GC heap before
{Heap before GC invocations=2 (full 0):
 garbage-first heap   total 262144K, used 28498K [0x00000000e0000000, 0x0000000100000000)
  region size 1024K, 23 young (23552K), 2 survivors (2048K)
 Metaspace       used 13438K, committed 13760K, reserved 1064960K
  class space    used 1642K, committed 1792K, reserved 1048576K
}
Event: 2.318 GC heap after
{Heap after GC invocations=3 (full 0):
 garbage-first heap   total 262144K, used 8123K [0x00000000e0000000, 0x0000000100000000)
  region size 1024K, 3 young (3072K), 3 survivors (3072K)
 Metaspace       used 13438K, committed 13760K, reserved 1064960K
  class space    used 1642K, committed 1792K, reserved 1048576K
}
Event: 3.756 GC heap before
{Heap before GC invocations=3 (full 0):
 garbage-first heap   total 262144K, used 39867K [0x00000000e0000000, 0x0000000100000000)
  region size 1024K, 35 young (35840K), 3 survivors (3072K)
 Metaspace       used 20999K, committed 21248K, reserved 1073152K
  class space    used 2549K, committed 2688K, reserved 1048576K
}
Event: 3.764 GC heap after
{Heap after GC invocations=4 (full 0):
 garbage-first heap   total 262144K, used 10722K [0x00000000e0000000, 0x0000000100000000)
  region size 1024K, 6 young (6144K), 6 survivors (6144K)
 Metaspace       used 20999K, committed 21248K, reserved 1073152K
  class space    used 2549K, committed 2688K, reserved 1048576K
}

Deoptimization events (20 events):
Event: 2.285 Thread 0x00000140789ca9e0 DEOPT PACKING pc=0x0000014010475884 sp=0x00000028f04f7720
Event: 2.286 Thread 0x00000140789ca9e0 DEOPT UNPACKING pc=0x000001400895d72e sp=0x00000028f04f75e8 mode 2
Event: 2.335 Thread 0x00000140789ca9e0 Uncommon trap: trap_request=0xffffff45 fr.pc=0x000001401040fa68 relative=0x0000000000000228
Event: 2.335 Thread 0x00000140789ca9e0 Uncommon trap: reason=unstable_if action=reinterpret pc=0x000001401040fa68 method=java.util.StringTokenizer.scanToken(I)I @ 42 c2
Event: 2.335 Thread 0x00000140789ca9e0 DEOPT PACKING pc=0x000001401040fa68 sp=0x00000028f04f8640
Event: 2.335 Thread 0x00000140789ca9e0 DEOPT UNPACKING pc=0x000001400895d72e sp=0x00000028f04f85d0 mode 2
Event: 2.462 Thread 0x00000140789ca9e0 DEOPT PACKING pc=0x0000014009240dbe sp=0x00000028f04fa890
Event: 2.462 Thread 0x00000140789ca9e0 DEOPT UNPACKING pc=0x000001400895dece sp=0x00000028f04f9d10 mode 0
Event: 2.903 Thread 0x00000140789ca9e0 Uncommon trap: trap_request=0xffffff45 fr.pc=0x0000014010453d28 relative=0x00000000000005e8
Event: 2.903 Thread 0x00000140789ca9e0 Uncommon trap: reason=unstable_if action=reinterpret pc=0x0000014010453d28 method=java.lang.String.replace(CC)Ljava/lang/String; @ 2 c2
Event: 2.903 Thread 0x00000140789ca9e0 DEOPT PACKING pc=0x0000014010453d28 sp=0x00000028f04fc330
Event: 2.903 Thread 0x00000140789ca9e0 DEOPT UNPACKING pc=0x000001400895d72e sp=0x00000028f04fc2e0 mode 2
Event: 3.331 Thread 0x00000140789ca9e0 Uncommon trap: trap_request=0xffffff45 fr.pc=0x000001401046be9c relative=0x000000000000529c
Event: 3.331 Thread 0x00000140789ca9e0 Uncommon trap: reason=unstable_if action=reinterpret pc=0x000001401046be9c method=jdk.internal.org.objectweb.asm.Type.getArgumentsAndReturnSizes(Ljava/lang/String;)I @ 123 c2
Event: 3.331 Thread 0x00000140789ca9e0 DEOPT PACKING pc=0x000001401046be9c sp=0x00000028f04fa880
Event: 3.331 Thread 0x00000140789ca9e0 DEOPT UNPACKING pc=0x000001400895d72e sp=0x00000028f04fa738 mode 2
Event: 8.235 Thread 0x00000140789ca9e0 Uncommon trap: trap_request=0xffffff45 fr.pc=0x0000014010481a34 relative=0x0000000000002854
Event: 8.235 Thread 0x00000140789ca9e0 Uncommon trap: reason=unstable_if action=reinterpret pc=0x0000014010481a34 method=jdk.internal.loader.URLClassPath$FileLoader.getResource(Ljava/lang/String;Z)Ljdk/internal/loader/Resource; @ 139 c2
Event: 8.235 Thread 0x00000140789ca9e0 DEOPT PACKING pc=0x0000014010481a34 sp=0x00000028f04fc0a0
Event: 8.236 Thread 0x00000140789ca9e0 DEOPT UNPACKING pc=0x000001400895d72e sp=0x00000028f04fc018 mode 2

Classes unloaded (0 events):
No events

Classes redefined (0 events):
No events

Internal exceptions (20 events):
Event: 3.041 Thread 0x000001401d621ec0 Exception <a 'java/net/ConnectException'{0x00000000eed0bcc8}: Connection refused: no further information> (0x00000000eed0bcc8) 
thrown [c:\wsjdk\correttojdksrc\installers\windows\zip\corretto-build\buildroot\src\hotspot\share\prims\jni.cpp, line 600]
Event: 3.041 Thread 0x000001401d621ec0 Exception <a 'java/net/SocketException'{0x00000000eed0c000}: Socket is not connected: shutdown> (0x00000000eed0c000) 
thrown [c:\wsjdk\correttojdksrc\installers\windows\zip\corretto-build\buildroot\src\hotspot\share\prims\jni.cpp, line 600]
Event: 3.109 Thread 0x000001401d624940 Exception <a 'java/lang/NoSuchMethodError'{0x00000000eee17140}: 'void java.lang.invoke.DirectMethodHandle$Holder.invokeStatic(java.lang.Object, long)'> (0x00000000eee17140) 
thrown [c:\wsjdk\correttojdksrc\installers\windows\zip\corretto-build\buildroot\src\hotspot\share\interpreter\linkResolver.cpp, line 790]
Event: 3.110 Thread 0x000001401d624940 Exception <a 'java/lang/NoSuchMethodError'{0x00000000eee1c718}: 'java.lang.Object java.lang.invoke.DirectMethodHandle$Holder.newInvokeSpecial(java.lang.Object, long)'> (0x00000000eee1c718) 
thrown [c:\wsjdk\correttojdksrc\installers\windows\zip\corretto-build\buildroot\src\hotspot\share\interpreter\linkResolver.cpp, line 790]
Event: 3.112 Thread 0x000001401d624940 Exception <a 'java/lang/NoSuchMethodError'{0x00000000eee23468}: 'java.lang.Object java.lang.invoke.DirectMethodHandle$Holder.invokeStatic(java.lang.Object, java.lang.Object, long, java.lang.Object)'> (0x00000000eee23468) 
thrown [c:\wsjdk\correttojdksrc\installers\windows\zip\corretto-build\buildroot\src\hotspot\share\interpreter\linkResolver.cpp, line 790]
Event: 3.112 Thread 0x000001401d624940 Exception <a 'java/lang/NoSuchMethodError'{0x00000000eee26e60}: 'java.lang.Object java.lang.invoke.DirectMethodHandle$Holder.invokeStaticInit(java.lang.Object, java.lang.Object, long, java.lang.Object)'> (0x00000000eee26e60) 
thrown [c:\wsjdk\correttojdksrc\installers\windows\zip\corretto-build\buildroot\src\hotspot\share\interpreter\linkResolver.cpp, line 790]
Event: 3.113 Thread 0x000001401d624940 Exception <a 'java/lang/NoSuchMethodError'{0x00000000eee2d1d8}: 'java.lang.Object java.lang.invoke.DirectMethodHandle$Holder.newInvokeSpecial(java.lang.Object, java.lang.Object, long)'> (0x00000000eee2d1d8) 
thrown [c:\wsjdk\correttojdksrc\installers\windows\zip\corretto-build\buildroot\src\hotspot\share\interpreter\linkResolver.cpp, line 790]
Event: 3.136 Thread 0x000001401d621ec0 Exception <a 'java/net/ConnectException'{0x00000000eed0cf98}: Connection refused: no further information> (0x00000000eed0cf98) 
thrown [c:\wsjdk\correttojdksrc\installers\windows\zip\corretto-build\buildroot\src\hotspot\share\prims\jni.cpp, line 600]
Event: 3.136 Thread 0x000001401d621ec0 Exception <a 'java/net/SocketException'{0x00000000eed0d2d0}: Socket is not connected: shutdown> (0x00000000eed0d2d0) 
thrown [c:\wsjdk\correttojdksrc\installers\windows\zip\corretto-build\buildroot\src\hotspot\share\prims\jni.cpp, line 600]
Event: 3.331 Thread 0x00000140789ca9e0 Exception <a 'java/lang/NoSuchMethodError'{0x00000000eeca5770}: 'double java.lang.invoke.DirectMethodHandle$Holder.invokeVirtual(java.lang.Object, java.lang.Object)'> (0x00000000eeca5770) 
thrown [c:\wsjdk\correttojdksrc\installers\windows\zip\corretto-build\buildroot\src\hotspot\share\interpreter\linkResolver.cpp, line 790]
Event: 3.332 Thread 0x00000140789ca9e0 Exception <a 'java/lang/NoSuchMethodError'{0x00000000eecac428}: 'float java.lang.invoke.DirectMethodHandle$Holder.invokeVirtual(java.lang.Object, java.lang.Object)'> (0x00000000eecac428) 
thrown [c:\wsjdk\correttojdksrc\installers\windows\zip\corretto-build\buildroot\src\hotspot\share\interpreter\linkResolver.cpp, line 790]
Event: 3.332 Thread 0x00000140789ca9e0 Exception <a 'java/lang/NoSuchMethodError'{0x00000000eecb5978}: 'long java.lang.invoke.DirectMethodHandle$Holder.invokeVirtual(java.lang.Object, java.lang.Object)'> (0x00000000eecb5978) 
thrown [c:\wsjdk\correttojdksrc\installers\windows\zip\corretto-build\buildroot\src\hotspot\share\interpreter\linkResolver.cpp, line 790]
Event: 3.338 Thread 0x00000140789ca9e0 Exception <a 'java/lang/NoSuchMethodError'{0x00000000eeced390}: 'java.lang.Object java.lang.invoke.DirectMethodHandle$Holder.invokeVirtual(java.lang.Object, java.lang.Object, java.lang.Object)'> (0x00000000eeced390) 
thrown [c:\wsjdk\correttojdksrc\installers\windows\zip\corretto-build\buildroot\src\hotspot\share\interpreter\linkResolver.cpp, line 790]
Event: 3.376 Thread 0x00000140789ca9e0 Exception <a 'java/lang/NoSuchMethodError'{0x00000000eea142e8}: 'void java.lang.invoke.DirectMethodHandle$Holder.invokeSpecial(java.lang.Object, java.lang.Object, java.lang.Object, java.lang.Object, java.lang.Object)'> (0x00000000eea142e8) 
thrown [c:\wsjdk\correttojdksrc\installers\windows\zip\corretto-build\buildroot\src\hotspot\share\interpreter\linkResolver.cpp, line 790]
Event: 3.377 Thread 0x00000140789ca9e0 Exception <a 'java/lang/NoSuchMethodError'{0x00000000eea1b828}: 'void java.lang.invoke.DirectMethodHandle$Holder.invokeStatic(java.lang.Object, java.lang.Object, int)'> (0x00000000eea1b828) 
thrown [c:\wsjdk\correttojdksrc\installers\windows\zip\corretto-build\buildroot\src\hotspot\share\interpreter\linkResolver.cpp, line 790]
Event: 3.454 Thread 0x00000140789ca9e0 Exception <a 'java/lang/NoSuchMethodError'{0x00000000ee409b98}: 'int java.lang.invoke.DirectMethodHandle$Holder.invokeSpecialIFC(java.lang.Object, java.lang.Object, java.lang.Object)'> (0x00000000ee409b98) 
thrown [c:\wsjdk\correttojdksrc\installers\windows\zip\corretto-build\buildroot\src\hotspot\share\interpreter\linkResolver.cpp, line 790]
Event: 3.601 Thread 0x00000140789ca9e0 Exception <a 'java/lang/NoSuchMethodError'{0x00000000ee00c958}: 'void java.lang.invoke.DirectMethodHandle$Holder.invokeSpecial(java.lang.Object, java.lang.Object, java.lang.Object, java.lang.Object, java.lang.Object, java.lang.Object)'> (0x00000000ee00c958) 
thrown [c:\wsjdk\correttojdksrc\installers\windows\zip\corretto-build\buildroot\src\hotspot\share\interpreter\linkResolver.cpp, line 790]
Event: 5.551 Thread 0x00000140789ca9e0 Exception <a 'java/lang/NoSuchMethodError'{0x00000000e1e2ddf8}: 'java.lang.Object java.lang.invoke.DirectMethodHandle$Holder.invokeSpecialIFC(java.lang.Object, java.lang.Object, java.lang.Object)'> (0x00000000e1e2ddf8) 
thrown [c:\wsjdk\correttojdksrc\installers\windows\zip\corretto-build\buildroot\src\hotspot\share\interpreter\linkResolver.cpp, line 790]
Event: 5.587 Thread 0x00000140789ca9e0 Exception <a 'java/lang/NoSuchMethodError'{0x00000000e1ed5408}: 'java.lang.Object java.lang.invoke.DirectMethodHandle$Holder.invokeStatic(java.lang.Object, int, java.lang.Object)'> (0x00000000e1ed5408) 
thrown [c:\wsjdk\correttojdksrc\installers\windows\zip\corretto-build\buildroot\src\hotspot\share\interpreter\linkResolver.cpp, line 790]
Event: 5.616 Thread 0x00000140789ca9e0 Exception <a 'java/lang/ClassNotFoundException'{0x00000000e1ee7970}: sun/util/logging/resources/spi/loggingProvider> (0x00000000e1ee7970) 
thrown [c:\wsjdk\correttojdksrc\installers\windows\zip\corretto-build\buildroot\src\hotspot\share\classfile\systemDictionary.cpp, line 256]

Events (20 events):
Event: 5.807 loading class java/util/function/IntBinaryOperator
Event: 5.807 loading class java/util/function/IntBinaryOperator done
Event: 5.808 loading class java/util/stream/ReduceOps$6
Event: 5.808 loading class java/util/stream/ReduceOps$6 done
Event: 5.808 loading class java/util/stream/ReduceOps$5ReducingSink
Event: 5.808 loading class java/util/stream/ReduceOps$5ReducingSink done
Event: 5.808 loading class java/util/stream/ReferencePipeline$4$1
Event: 5.808 loading class java/util/stream/ReferencePipeline$4$1 done
Event: 5.808 loading class java/util/stream/SortedOps$SizedRefSortingSink
Event: 5.808 loading class java/util/stream/SortedOps$AbstractRefSortingSink
Event: 5.808 loading class java/util/stream/SortedOps$AbstractRefSortingSink done
Event: 5.808 loading class java/util/stream/SortedOps$SizedRefSortingSink done
Event: 5.809 Executing  VM operation: Cleanup
Event: 5.810 Executing  VM operation: Cleanup done
Event: 5.810 loading class java/util/concurrent/ConcurrentLinkedDeque$Itr
Event: 5.816 loading class java/util/concurrent/ConcurrentLinkedDeque$AbstractItr
Event: 5.816 loading class java/util/concurrent/ConcurrentLinkedDeque$AbstractItr done
Event: 5.816 loading class java/util/concurrent/ConcurrentLinkedDeque$Itr done
Event: 6.816 Executing  VM operation: Cleanup
Event: 6.816 Executing  VM operation: Cleanup done


Dynamic libraries:
0x00007ff73f280000 - 0x00007ff73f28d000 	C:\Users\Shariq\.jdks\corretto-16.0.2\bin\java.exe
0x00007ff8b9eb0000 - 0x00007ff8ba0a8000 	C:\WINDOWS\SYSTEM32\ntdll.dll
0x00007ff87b680000 - 0x00007ff87b697000 	C:\Program Files (x86)\AVG\Antivirus\aswhook.dll
0x00007ff8b88b0000 - 0x00007ff8b896f000 	C:\WINDOWS\System32\KERNEL32.DLL
0x00007ff8b76a0000 - 0x00007ff8b7972000 	C:\WINDOWS\System32\KERNELBASE.dll
0x00007ff8b7d90000 - 0x00007ff8b7e90000 	C:\WINDOWS\System32\ucrtbase.dll
0x00007ff8b28e0000 - 0x00007ff8b28f8000 	C:\Users\Shariq\.jdks\corretto-16.0.2\bin\jli.dll
0x00007ff8b1590000 - 0x00007ff8b15a5000 	C:\Users\Shariq\.jdks\corretto-16.0.2\bin\VCRUNTIME140.dll
0x00007ff8b8430000 - 0x00007ff8b85cd000 	C:\WINDOWS\System32\USER32.dll
0x00007ff8b7670000 - 0x00007ff8b7692000 	C:\WINDOWS\System32\win32u.dll
0x00007ff89f980000 - 0x00007ff89fc1a000 	C:\WINDOWS\WinSxS\amd64_microsoft.windows.common-controls_6595b64144ccf1df_6.0.19041.1110_none_60b5254171f9507e\COMCTL32.dll
0x00007ff8b8d70000 - 0x00007ff8b8d9b000 	C:\WINDOWS\System32\GDI32.dll
0x00007ff8b7fe0000 - 0x00007ff8b807e000 	C:\WINDOWS\System32\msvcrt.dll
0x00007ff8b7c80000 - 0x00007ff8b7d8f000 	C:\WINDOWS\System32\gdi32full.dll
0x00007ff8b7a30000 - 0x00007ff8b7acd000 	C:\WINDOWS\System32\msvcp_win.dll
0x00007ff8b96e0000 - 0x00007ff8b9712000 	C:\WINDOWS\System32\IMM32.DLL
0x00007ff87dfe0000 - 0x00007ff87e07b000 	C:\Users\Shariq\.jdks\corretto-16.0.2\bin\msvcp140.dll
0x00007ff832740000 - 0x00007ff833349000 	C:\Users\Shariq\.jdks\corretto-16.0.2\bin\server\jvm.dll
0x00007ff8b9120000 - 0x00007ff8b91ce000 	C:\WINDOWS\System32\ADVAPI32.dll
0x00007ff8b91d0000 - 0x00007ff8b926c000 	C:\WINDOWS\System32\sechost.dll
0x00007ff8b8780000 - 0x00007ff8b88a5000 	C:\WINDOWS\System32\RPCRT4.dll
0x00007ff8b8a00000 - 0x00007ff8b8a08000 	C:\WINDOWS\System32\PSAPI.DLL
0x00007ff8a47c0000 - 0x00007ff8a47c9000 	C:\WINDOWS\SYSTEM32\WSOCK32.dll
0x00007ff89ae40000 - 0x00007ff89ae67000 	C:\WINDOWS\SYSTEM32\WINMM.dll
0x00007ff8b8e20000 - 0x00007ff8b8e8b000 	C:\WINDOWS\System32\WS2_32.dll
0x00007ff8a9de0000 - 0x00007ff8a9dea000 	C:\WINDOWS\SYSTEM32\VERSION.dll
0x00007ff8b5e00000 - 0x00007ff8b5e12000 	C:\WINDOWS\SYSTEM32\kernel.appcore.dll
0x00007ff8a99a0000 - 0x00007ff8a99aa000 	C:\Users\Shariq\.jdks\corretto-16.0.2\bin\jimage.dll
0x00007ff8b5a50000 - 0x00007ff8b5c34000 	C:\WINDOWS\SYSTEM32\DBGHELP.DLL
0x00007ff8a9470000 - 0x00007ff8a949c000 	C:\WINDOWS\SYSTEM32\dbgcore.DLL
0x00007ff8b75e0000 - 0x00007ff8b7662000 	C:\WINDOWS\System32\bcryptPrimitives.dll
0x00007ff89fe70000 - 0x00007ff89fe95000 	C:\Users\Shariq\.jdks\corretto-16.0.2\bin\java.dll
0x00007ff8b9720000 - 0x00007ff8b9e63000 	C:\WINDOWS\System32\SHELL32.dll
0x00007ff8b51f0000 - 0x00007ff8b5982000 	C:\WINDOWS\SYSTEM32\windows.storage.dll
0x00007ff8b8a10000 - 0x00007ff8b8d64000 	C:\WINDOWS\System32\combase.dll
0x00007ff8b6f30000 - 0x00007ff8b6f60000 	C:\WINDOWS\SYSTEM32\Wldp.dll
0x00007ff8b81b0000 - 0x00007ff8b825d000 	C:\WINDOWS\System32\SHCORE.dll
0x00007ff8b90a0000 - 0x00007ff8b90f5000 	C:\WINDOWS\System32\shlwapi.dll
0x00007ff8b74f0000 - 0x00007ff8b750f000 	C:\WINDOWS\SYSTEM32\profapi.dll
0x00007ff8a8ed0000 - 0x00007ff8a8ee9000 	C:\Users\Shariq\.jdks\corretto-16.0.2\bin\net.dll
0x00007ff8ab580000 - 0x00007ff8ab68c000 	C:\WINDOWS\SYSTEM32\WINHTTP.dll
0x00007ff8b6c90000 - 0x00007ff8b6cfa000 	C:\WINDOWS\system32\mswsock.dll
0x00007ff8a8de0000 - 0x00007ff8a8df3000 	C:\Users\Shariq\.jdks\corretto-16.0.2\bin\nio.dll
0x00007ff8a8ce0000 - 0x00007ff8a8cf8000 	C:\Users\Shariq\.jdks\corretto-16.0.2\bin\zip.dll
0x00007ff8a9990000 - 0x00007ff8a99a0000 	C:\Users\Shariq\.jdks\corretto-16.0.2\bin\verify.dll
0x00007ff89fe50000 - 0x00007ff89fe5e000 	C:\Users\Shariq\.jdks\corretto-16.0.2\bin\sunmscapi.dll
0x00007ff8b7ad0000 - 0x00007ff8b7c26000 	C:\WINDOWS\System32\CRYPT32.dll
0x00007ff8b6fa0000 - 0x00007ff8b6fc7000 	C:\WINDOWS\SYSTEM32\ncrypt.dll
0x00007ff8b6f60000 - 0x00007ff8b6f9b000 	C:\WINDOWS\SYSTEM32\NTASN1.dll
0x00007ff880370000 - 0x00007ff880377000 	C:\WINDOWS\system32\wshunix.dll
0x00007ff8b6e80000 - 0x00007ff8b6e98000 	C:\WINDOWS\SYSTEM32\CRYPTSP.dll
0x00007ff8b65b0000 - 0x00007ff8b65e4000 	C:\WINDOWS\system32\rsaenh.dll
0x00007ff8b75b0000 - 0x00007ff8b75d7000 	C:\WINDOWS\System32\bcrypt.dll
0x00007ff8b7470000 - 0x00007ff8b749e000 	C:\WINDOWS\SYSTEM32\USERENV.dll
0x00007ff8b6ea0000 - 0x00007ff8b6eac000 	C:\WINDOWS\SYSTEM32\CRYPTBASE.dll
0x00007ff8b6980000 - 0x00007ff8b69bb000 	C:\WINDOWS\SYSTEM32\IPHLPAPI.DLL
0x00007ff8b8e10000 - 0x00007ff8b8e18000 	C:\WINDOWS\System32\NSI.dll
0x00007ff8a9430000 - 0x00007ff8a9447000 	C:\WINDOWS\SYSTEM32\dhcpcsvc6.DLL
0x00007ff8a9720000 - 0x00007ff8a973d000 	C:\WINDOWS\SYSTEM32\dhcpcsvc.DLL
0x00007ff8b69c0000 - 0x00007ff8b6a8a000 	C:\WINDOWS\SYSTEM32\DNSAPI.dll
0x00007ff8a94f0000 - 0x00007ff8a94fa000 	C:\Windows\System32\rasadhlp.dll
0x00007ff8a56a0000 - 0x00007ff8a5720000 	C:\WINDOWS\System32\fwpuclnt.dll
0x00007ff8a4bc0000 - 0x00007ff8a4bc9000 	C:\Users\Shariq\.jdks\corretto-16.0.2\bin\management.dll
0x00007ff89fe60000 - 0x00007ff89fe6b000 	C:\Users\Shariq\.jdks\corretto-16.0.2\bin\management_ext.dll

dbghelp: loaded successfully - version: 4.0.5 - missing functions: none
symbol engine: initialized successfully - sym options: 0x614 - pdb path: .;C:\Users\Shariq\.jdks\corretto-16.0.2\bin;C:\WINDOWS\SYSTEM32;C:\Program Files (x86)\AVG\Antivirus;C:\WINDOWS\WinSxS\amd64_microsoft.windows.common-controls_6595b64144ccf1df_6.0.19041.1110_none_60b5254171f9507e;C:\Users\Shariq\.jdks\corretto-16.0.2\bin\server

VM Arguments:
jvm_args: -Dbrowser -Denv -Dorg.gradle.internal.worker.tmpdir=C:\Nisha\NishaGITHUB\nisha_java\QA-Automation-Framework\build\tmp\test\work -Dorg.gradle.native=false -Dsuite -Dwhere --add-opens=java.base/java.util=ALL-UNNAMED --add-opens=java.base/java.lang=ALL-UNNAMED -Xmx512m -Dfile.encoding=windows-1252 -Duser.country=US -Duser.language=en -Duser.variant -ea 
java_command: worker.org.gradle.process.internal.worker.GradleWorkerMain 'Gradle Test Executor 15'
java_class_path (initial): C:\\Users\\Shariq\\.gradle\\caches\\7.4\\workerMain\\gradle-worker.jar;C:\\Nisha\\NishaGITHUB\\nisha_java\\QA-Automation-Framework\\build\\classes\\java\\test;C:\\Nisha\\NishaGITHUB\\nisha_java\\QA-Automation-Framework\\build\\resources\\test;C:\\Users\\Shariq\\.gradle\\caches\\modules-2\\files-2.1\\org.seleniumhq.selenium\\selenium-java\\4.5.0\\daf29450e6357c2d4ad816787a4c71f90139401d\\selenium-java-4.5.0.jar;C:\\Users\\Shariq\\.gradle\\caches\\modules-2\\files-2.1\\org.testng\\testng\\7.6.1\\3411a1a74d2eba06b2487d048a107c1b42c4558c\\testng-7.6.1.jar;C:\\Users\\Shariq\\.gradle\\caches\\modules-2\\files-2.1\\org.seleniumhq.selenium\\selenium-chrome-driver\\4.5.0\\7f2b9915d959153b32102654b1723f920b6c0136\\selenium-chrome-driver-4.5.0.jar;C:\\Users\\Shariq\\.gradle\\caches\\modules-2\\files-2.1\\org.seleniumhq.selenium\\selenium-devtools-v104\\4.5.0\\5546687ad601b37c5a3937ca7c37d5b9a1ff57d1\\selenium-devtools-v104-4.5.0.jar;C:\\Users\\Shariq\\.gradle\\caches\\modules-2\\files-2.1\\org.seleniumhq.selenium\\selenium-devtools-v105\\4.5.0\\fbb1a11cba76ab3f86e7088cf06a8f8db43891c2\\selenium-devtools-v105-4.5.0.jar;C:\\Users\\Shariq\\.gradle\\caches\\modules-2\\files-2.1\\org.seleniumhq.selenium\\selenium-devtools-v106\\4.5.0\\6df4d79a95aa215fc0238d2fcf96b235988ebb8e\\selenium-devtools-v106-4.5.0.jar;C:\\Users\\Shariq\\.gradle\\caches\\modules-2\\files-2.1\\org.seleniumhq.selenium\\selenium-firefox-driver\\4.5.0\\3a2539813d720a3ea362871e1997d50eebc4ede3\\selenium-firefox-driver-4.5.0.jar;C:\\Users\\Shariq\\.gradle\\caches\\modules-2\\files-2.1\\org.seleniumhq.selenium\\selenium-devtools-v85\\4.5.0\\5bf6e8805b1ca29dc8dfa1c460ff8f0de0ff9d74\\selenium-devtools-v85-4.5.0.jar;C:\\Users\\Shariq\\.gradle\\caches\\modules-2\\files-2.1\\org.seleniumhq.selenium\\selenium-edge-driver\\4.5.0\\cda189a357832cef14f64403c7e8aa3c293d6428\\selenium-edge-driver-4.5.0.jar;C:\\Users\\Shariq\\.gradle\\caches\\modules-2\\files-2.1\\org.seleniumhq.selenium\\selenium-ie
Launcher Type: SUN_STANDARD

[Global flags]
     intx CICompilerCount                          = 3                                         {product} {ergonomic}
     uint ConcGCThreads                            = 1                                         {product} {ergonomic}
     uint G1ConcRefinementThreads                  = 4                                         {product} {ergonomic}
   size_t G1HeapRegionSize                         = 1048576                                   {product} {ergonomic}
    uintx GCDrainStackTargetSize                   = 64                                        {product} {ergonomic}
   size_t InitialHeapSize                          = 268435456                                 {product} {ergonomic}
   size_t MarkStackSize                            = 4194304                                   {product} {ergonomic}
   size_t MaxHeapSize                              = 536870912                                 {product} {command line}
   size_t MaxNewSize                               = 321912832                                 {product} {ergonomic}
   size_t MinHeapDeltaBytes                        = 1048576                                   {product} {ergonomic}
   size_t MinHeapSize                              = 8388608                                   {product} {ergonomic}
    uintx NonNMethodCodeHeapSize                   = 5832780                                {pd product} {ergonomic}
    uintx NonProfiledCodeHeapSize                  = 122912730                              {pd product} {ergonomic}
    uintx ProfiledCodeHeapSize                     = 122912730                              {pd product} {ergonomic}
    uintx ReservedCodeCacheSize                    = 251658240                              {pd product} {ergonomic}
     bool SegmentedCodeCache                       = true                                      {product} {ergonomic}
   size_t SoftMaxHeapSize                          = 536870912                              {manageable} {ergonomic}
     bool UseCompressedClassPointers               = true                           {product lp64_product} {ergonomic}
     bool UseCompressedOops                        = true                           {product lp64_product} {ergonomic}
     bool UseG1GC                                  = true                                      {product} {ergonomic}
     bool UseLargePagesIndividualAllocation        = false                                  {pd product} {ergonomic}

Logging:
Log output configuration:
 #0: stdout all=warning uptime,level,tags
 #1: stderr all=off uptime,level,tags

Environment Variables:
JAVA_HOME=C:\Users\Shariq\.jdks\corretto-16.0.2
PATH=C:\Users\Shariq\.jdks\corretto-16.0.2\bin;C:\Program Files\Common Files\Oracle\Java\javapath;C:\gradle-7.5.1;C:\Python310\;C:\Program Files (x86)\Intel\iCLS Client\;C:\Program Files\Microsoft MPI\Bin\;C:\ProgramData\Oracle\Java\javapath;C:\Program Files\Intel\iCLS Client\;C:\WINDOWS\system32;C:\WINDOWS;C:\WINDOWS\System32\Wbem;C:\WINDOWS\System32\WindowsPowerShell\v1.0\;C:\Program Files (x86)\Microsoft SQL Server\130\Tools\Binn\;C:\Program Files\Microsoft SQL Server\130\Tools\Binn\;C:\Program Files (x86)\Microsoft SQL Server\130\DTS\Binn\;C:\Program Files\Microsoft SQL Server\130\DTS\Binn\;C:\Program Files\Microsoft SQL Server\Client SDK\ODBC\130\Tools\Binn\;C:\Program Files (x86)\Microsoft SQL Server\Client SDK\ODBC\130\Tools\Binn\;C:\Program Files (x86)\Microsoft SQL Server\130\Tools\Binn\ManagementStudio\;C:\Program Files (x86)\Microsoft SQL Server\110\DTS\Binn\;C:\Program Files (x86)\Microsoft SQL Server\120\DTS\Binn\;C:\Program Files\MySQL\MySQL Utilities 1.6\;C:\Program Files\MySQL\MySQL Server 5.7\bin;C:\Program Files\dotnet\;C:\Program Files (x86)\Microsoft SQL Server\140\DTS\Binn\;C:\Program Files (x86)\Intel\Intel(R) Management Engine Components\DAL;C:\Program Files\Intel\Intel(R) Management Engine Components\DAL;C:\Program Files (x86)\Intel\Intel(R) Management Engine Components\IPT;C:\Program Files\Intel\Intel(R) Management Engine Components\IPT;C:\Program Files\Microsoft\Web Platform Installer\;C:\Program Files\Amazon\AWSCLI\;C:\WINDOWS\System32\OpenSSH\;C:\Program Files (x86)\Microsoft VS Code\bin;C:\Program Files\Redis\;C:\Program Files\Git\cmd;C:\Program Files\nodejs\;C:\gradle-7.5.1\bin;C:\geckodriver.exe;C:\Users\Shariq\AppData\Local\Programs\Python\Python36\Scripts\;C:\Users\Shariq\AppData\Local\Programs\Python\Python36\;C:\Ruby23-x64\bin;C:\Program Files (x86)\Microsoft VS Code\bin;C:\Users\Shariq\AppData\Local\atom\bin;C:\Users\Shariq\AppData\Local\Microsoft\WindowsApps;C:\Users\Shariq\AppData\Roaming\npm;C:\Users\Shariq\AppData\Local\GitHubDes
USERNAME=Shariq
OS=Windows_NT
PROCESSOR_IDENTIFIER=Intel64 Family 6 Model 78 Stepping 3, GenuineIntel



---------------  S Y S T E M  ---------------

OS:
 Windows 10 , 64 bit Build 19041 (10.0.19041.2251)
OS uptime: 4 days 14:32 hours

CPU: total 4 (initial active 4) (2 cores per cpu, 2 threads per core) family 6 model 78 stepping 3 microcode 0xcc, cx8, cmov, fxsr, ht, mmx, 3dnowpref, sse, sse2, sse3, ssse3, sse4.1, sse4.2, popcnt, lzcnt, tsc, tscinvbit, avx, avx2, aes, erms, clmul, bmi1, bmi2, adx, fma, vzeroupper, clflush, clflushopt

Memory: 4k page, system-wide physical 16260M (1391M free)
TotalPageFile size 24260M (AvailPageFile size 7M)
current process WorkingSet (physical memory assigned to process): 126M, peak: 134M
current process commit charge ("private bytes"): 175M, peak: 392M

vm_info: OpenJDK 64-Bit Server VM (16.0.2+7) for windows-amd64 JRE (16.0.2+7), built on Jul 22 2021 01:11:46 by "Administrator" with MS VC++ 15.9 (VS2017)

END.
